<?xml version="1.0" encoding="UTF-8"?>
<!-- Generated by org.testng.reporters.JUnitXMLReporter -->
<testsuite hostname="Uciteljicas-MacBook-Pro.local" ignored="8" name="tests" tests="21" failures="3" timestamp="20 Oct 2022 09:33:20 GMT" time="24.195" errors="0">
  <testcase name="@BeforeMethod registerSetup" time="0.324" classname="tests.TestRegisterPage">
    <failure type="org.openqa.selenium.NoSuchElementException" message="no such element: Unable to locate element: {&amp;quot;method&amp;quot;:&amp;quot;css selector&amp;quot;,&amp;quot;selector&amp;quot;:&amp;quot;#customerForm&amp;quot;}
  (Session info: chrome=106.0.5249.119)
For documentation on this error, please visit: http://seleniumhq.org/exceptions/no_such_element.html
Build info: version: &amp;apos;3.141.0&amp;apos;, revision: &amp;apos;2ecb7d9a&amp;apos;, time: &amp;apos;2018-10-31T20:09:30&amp;apos;
System info: host: &amp;apos;Uciteljicas-MacBook-Pro.local&amp;apos;, ip: &amp;apos;fe80:0:0:0:1c74:2f82:eed8:ec9d%en0&amp;apos;, os.name: &amp;apos;Mac OS X&amp;apos;, os.arch: &amp;apos;x86_64&amp;apos;, os.version: &amp;apos;12.6&amp;apos;, java.version: &amp;apos;1.8.0_341&amp;apos;
Driver info: org.openqa.selenium.chrome.ChromeDriver
Capabilities {acceptInsecureCerts: false, browserName: chrome, browserVersion: 106.0.5249.119, chrome: {chromedriverVersion: 106.0.5249.61 (511755355844..., userDataDir: /var/folders/81/9gtq7cz93jl...}, goog:chromeOptions: {debuggerAddress: localhost:54900}, javascriptEnabled: true, networkConnectionEnabled: false, pageLoadStrategy: normal, platform: MAC, platformName: MAC, proxy: Proxy(), setWindowRect: true, strictFileInteractability: false, timeouts: {implicit: 0, pageLoad: 300000, script: 30000}, unhandledPromptBehavior: dismiss and notify, webauthn:extension:credBlob: true, webauthn:extension:largeBlob: true, webauthn:virtualAuthenticators: true}
Session ID: b63d4b11965c27259a7a3e63ea5ae4be
*** Element info: {Using=id, value=customerForm}">
      <![CDATA[org.openqa.selenium.NoSuchElementException: no such element: Unable to locate element: {"method":"css selector","selector":"#customerForm"}
  (Session info: chrome=106.0.5249.119)
For documentation on this error, please visit: http://seleniumhq.org/exceptions/no_such_element.html
Build info: version: '3.141.0', revision: '2ecb7d9a', time: '2018-10-31T20:09:30'
System info: host: 'Uciteljicas-MacBook-Pro.local', ip: 'fe80:0:0:0:1c74:2f82:eed8:ec9d%en0', os.name: 'Mac OS X', os.arch: 'x86_64', os.version: '12.6', java.version: '1.8.0_341'
Driver info: org.openqa.selenium.chrome.ChromeDriver
Capabilities {acceptInsecureCerts: false, browserName: chrome, browserVersion: 106.0.5249.119, chrome: {chromedriverVersion: 106.0.5249.61 (511755355844..., userDataDir: /var/folders/81/9gtq7cz93jl...}, goog:chromeOptions: {debuggerAddress: localhost:54900}, javascriptEnabled: true, networkConnectionEnabled: false, pageLoadStrategy: normal, platform: MAC, platformName: MAC, proxy: Proxy(), setWindowRect: true, strictFileInteractability: false, timeouts: {implicit: 0, pageLoad: 300000, script: 30000}, unhandledPromptBehavior: dismiss and notify, webauthn:extension:credBlob: true, webauthn:extension:largeBlob: true, webauthn:virtualAuthenticators: true}
Session ID: b63d4b11965c27259a7a3e63ea5ae4be
*** Element info: {Using=id, value=customerForm}
at sun.reflect.NativeConstructorAccessorImpl.newInstance0(Native Method)
at sun.reflect.NativeConstructorAccessorImpl.newInstance(NativeConstructorAccessorImpl.java:62)
at sun.reflect.DelegatingConstructorAccessorImpl.newInstance(DelegatingConstructorAccessorImpl.java:45)
at java.lang.reflect.Constructor.newInstance(Constructor.java:423)
at org.openqa.selenium.remote.http.W3CHttpResponseCodec.createException(W3CHttpResponseCodec.java:187)
at org.openqa.selenium.remote.http.W3CHttpResponseCodec.decode(W3CHttpResponseCodec.java:122)
at org.openqa.selenium.remote.http.W3CHttpResponseCodec.decode(W3CHttpResponseCodec.java:49)
at org.openqa.selenium.remote.HttpCommandExecutor.execute(HttpCommandExecutor.java:158)
at org.openqa.selenium.remote.service.DriverCommandExecutor.execute(DriverCommandExecutor.java:83)
at org.openqa.selenium.remote.RemoteWebDriver.execute(RemoteWebDriver.java:552)
at org.openqa.selenium.remote.RemoteWebDriver.findElement(RemoteWebDriver.java:323)
at org.openqa.selenium.remote.RemoteWebDriver.findElementById(RemoteWebDriver.java:372)
at org.openqa.selenium.By$ById.findElement(By.java:188)
at org.openqa.selenium.remote.RemoteWebDriver.findElement(RemoteWebDriver.java:315)
at objects.RegisterPage.getRegisterForm(RegisterPage.java:12)
at tests.TestRegisterPage.registerSetup(TestRegisterPage.java:18)
at sun.reflect.NativeMethodAccessorImpl.invoke0(Native Method)
at sun.reflect.NativeMethodAccessorImpl.invoke(NativeMethodAccessorImpl.java:62)
at sun.reflect.DelegatingMethodAccessorImpl.invoke(DelegatingMethodAccessorImpl.java:43)
at java.lang.reflect.Method.invoke(Method.java:498)
at org.testng.internal.MethodInvocationHelper.invokeMethod(MethodInvocationHelper.java:124)
at org.testng.internal.MethodInvocationHelper.invokeMethodConsideringTimeout(MethodInvocationHelper.java:59)
at org.testng.internal.Invoker.invokeConfigurationMethod(Invoker.java:458)
at org.testng.internal.Invoker.invokeConfigurations(Invoker.java:222)
at org.testng.internal.Invoker.invokeMethod(Invoker.java:523)
at org.testng.internal.Invoker.invokeTestMethod(Invoker.java:719)
at org.testng.internal.Invoker.invokeTestMethods(Invoker.java:989)
at org.testng.internal.TestMethodWorker.invokeTestMethods(TestMethodWorker.java:125)
at org.testng.internal.TestMethodWorker.run(TestMethodWorker.java:109)
at org.testng.TestRunner.privateRun(TestRunner.java:648)
at org.testng.TestRunner.run(TestRunner.java:505)
at org.testng.SuiteRunner.runTest(SuiteRunner.java:455)
at org.testng.SuiteRunner.runSequentially(SuiteRunner.java:450)
at org.testng.SuiteRunner.privateRun(SuiteRunner.java:415)
at org.testng.SuiteRunner.run(SuiteRunner.java:364)
at org.testng.SuiteRunnerWorker.runSuite(SuiteRunnerWorker.java:52)
at org.testng.SuiteRunnerWorker.run(SuiteRunnerWorker.java:84)
at org.testng.TestNG.runSuitesSequentially(TestNG.java:1208)
at org.testng.TestNG.runSuitesLocally(TestNG.java:1137)
at org.testng.TestNG.runSuites(TestNG.java:1049)
at org.testng.TestNG.run(TestNG.java:1017)
at com.intellij.rt.testng.IDEARemoteTestNG.run(IDEARemoteTestNG.java:66)
at com.intellij.rt.testng.RemoteTestNGStarter.main(RemoteTestNGStarter.java:109)
]]>
    </failure>
  </testcase> <!-- @BeforeMethod registerSetup -->
  <testcase name="@BeforeMethod generateUserData" time="0.0" classname="tests.BaseTestClass">
    <skipped/>
  </testcase> <!-- @BeforeMethod generateUserData -->
  <testcase name="@BeforeMethod registerSetup" time="0.0" classname="tests.TestRegisterPage">
    <skipped/>
  </testcase> <!-- @BeforeMethod registerSetup -->
  <testcase name="@BeforeMethod generateUserData" time="0.0" classname="tests.BaseTestClass">
    <skipped/>
  </testcase> <!-- @BeforeMethod generateUserData -->
  <testcase name="@BeforeMethod registerSetup" time="0.0" classname="tests.TestRegisterPage">
    <skipped/>
  </testcase> <!-- @BeforeMethod registerSetup -->
  <testcase name="@BeforeMethod generateUserData" time="0.0" classname="tests.BaseTestClass">
    <skipped/>
  </testcase> <!-- @BeforeMethod generateUserData -->
  <testcase name="@BeforeMethod registerSetup" time="0.0" classname="tests.TestRegisterPage">
    <skipped/>
  </testcase> <!-- @BeforeMethod registerSetup -->
  <testcase name="verifySiteMapLinks" time="5.207" classname="tests.TestAccountOptions">
    <failure type="java.lang.AssertionError" message="The following asserts failed:
	Found: 
{Error!
An internal error has occurred and has been logged.}
 instead of: 
{Open New Account}
 expected [true] but found [false],
	Found: 
{Error!
An internal error has occurred and has been logged.}
 instead of: 
{Accounts Overview}
 expected [true] but found [false],
	Found: 
{Error!
An internal error has occurred and has been logged.}
 instead of: 
{Transfer Funds}
 expected [true] but found [false],
	Found: 
{Error!
An internal error has occurred and has been logged.}
 instead of: 
{Bill Pay}
 expected [true] but found [false],
	Found: 
{Error!
An internal error has occurred and has been logged.}
 instead of: 
{Find Transactions}
 expected [true] but found [false],
	Found: 
{Error!
An internal error has occurred and has been logged.}
 instead of: 
{Update Contact Info}
 expected [true] but found [false],
	Found: 
{Error!
An internal error has occurred and has been logged.}
 instead of: 
{Request Loan}
 expected [true] but found [false]">
      <![CDATA[java.lang.AssertionError: The following asserts failed:
Found: 
{Error!
An internal error has occurred and has been logged.}
 instead of: 
{Open New Account}
 expected [true] but found [false],
Found: 
{Error!
An internal error has occurred and has been logged.}
 instead of: 
{Accounts Overview}
 expected [true] but found [false],
Found: 
{Error!
An internal error has occurred and has been logged.}
 instead of: 
{Transfer Funds}
 expected [true] but found [false],
Found: 
{Error!
An internal error has occurred and has been logged.}
 instead of: 
{Bill Pay}
 expected [true] but found [false],
Found: 
{Error!
An internal error has occurred and has been logged.}
 instead of: 
{Find Transactions}
 expected [true] but found [false],
Found: 
{Error!
An internal error has occurred and has been logged.}
 instead of: 
{Update Contact Info}
 expected [true] but found [false],
Found: 
{Error!
An internal error has occurred and has been logged.}
 instead of: 
{Request Loan}
 expected [true] but found [false]
at org.testng.asserts.SoftAssert.assertAll(SoftAssert.java:43)
at tests.TestAccountOptions.verifySiteMapLinks(TestAccountOptions.java:53)
at sun.reflect.NativeMethodAccessorImpl.invoke0(Native Method)
at sun.reflect.NativeMethodAccessorImpl.invoke(NativeMethodAccessorImpl.java:62)
at sun.reflect.DelegatingMethodAccessorImpl.invoke(DelegatingMethodAccessorImpl.java:43)
at java.lang.reflect.Method.invoke(Method.java:498)
at org.testng.internal.MethodInvocationHelper.invokeMethod(MethodInvocationHelper.java:124)
at org.testng.internal.Invoker.invokeMethod(Invoker.java:583)
at org.testng.internal.Invoker.invokeTestMethod(Invoker.java:719)
at org.testng.internal.Invoker.invokeTestMethods(Invoker.java:989)
at org.testng.internal.TestMethodWorker.invokeTestMethods(TestMethodWorker.java:125)
at org.testng.internal.TestMethodWorker.run(TestMethodWorker.java:109)
at org.testng.TestRunner.privateRun(TestRunner.java:648)
at org.testng.TestRunner.run(TestRunner.java:505)
at org.testng.SuiteRunner.runTest(SuiteRunner.java:455)
at org.testng.SuiteRunner.runSequentially(SuiteRunner.java:450)
at org.testng.SuiteRunner.privateRun(SuiteRunner.java:415)
at org.testng.SuiteRunner.run(SuiteRunner.java:364)
at org.testng.SuiteRunnerWorker.runSuite(SuiteRunnerWorker.java:52)
at org.testng.SuiteRunnerWorker.run(SuiteRunnerWorker.java:84)
at org.testng.TestNG.runSuitesSequentially(TestNG.java:1208)
at org.testng.TestNG.runSuitesLocally(TestNG.java:1137)
at org.testng.TestNG.runSuites(TestNG.java:1049)
at org.testng.TestNG.run(TestNG.java:1017)
at com.intellij.rt.testng.IDEARemoteTestNG.run(IDEARemoteTestNG.java:66)
at com.intellij.rt.testng.RemoteTestNGStarter.main(RemoteTestNGStarter.java:109)
]]>
    </failure>
  </testcase> <!-- verifySiteMapLinks -->
  <testcase name="loginVerifyForm" time="0.096" classname="tests.TestLoginPage"/>
  <testcase name="verifyPageElements" time="0.123" classname="tests.TestLoginPage"/>
  <testcase name="loginMissingPass" time="0.522" classname="tests.TestLoginPage"/>
  <testcase name="loginMissingUsername" time="0.471" classname="tests.TestLoginPage"/>
  <testcase name="loginValidUser" time="0.753" classname="tests.TestLoginPage">
    <failure type="java.lang.AssertionError" message="Unexpected url found: https://parabank.parasoft.com/parabank/login.htm expected [true] but found [false]">
      <![CDATA[java.lang.AssertionError: Unexpected url found: https://parabank.parasoft.com/parabank/login.htm expected [true] but found [false]
at org.testng.Assert.fail(Assert.java:96)
at org.testng.Assert.failNotEquals(Assert.java:776)
at org.testng.Assert.assertTrue(Assert.java:44)
at tests.TestLoginPage.loginValidUser(TestLoginPage.java:32)
at sun.reflect.NativeMethodAccessorImpl.invoke0(Native Method)
at sun.reflect.NativeMethodAccessorImpl.invoke(NativeMethodAccessorImpl.java:62)
at sun.reflect.DelegatingMethodAccessorImpl.invoke(DelegatingMethodAccessorImpl.java:43)
at java.lang.reflect.Method.invoke(Method.java:498)
at org.testng.internal.MethodInvocationHelper.invokeMethod(MethodInvocationHelper.java:124)
at org.testng.internal.Invoker.invokeMethod(Invoker.java:583)
at org.testng.internal.Invoker.invokeTestMethod(Invoker.java:719)
at org.testng.internal.Invoker.invokeTestMethods(Invoker.java:989)
at org.testng.internal.TestMethodWorker.invokeTestMethods(TestMethodWorker.java:125)
at org.testng.internal.TestMethodWorker.run(TestMethodWorker.java:109)
at org.testng.TestRunner.privateRun(TestRunner.java:648)
at org.testng.TestRunner.run(TestRunner.java:505)
at org.testng.SuiteRunner.runTest(SuiteRunner.java:455)
at org.testng.SuiteRunner.runSequentially(SuiteRunner.java:450)
at org.testng.SuiteRunner.privateRun(SuiteRunner.java:415)
at org.testng.SuiteRunner.run(SuiteRunner.java:364)
at org.testng.SuiteRunnerWorker.runSuite(SuiteRunnerWorker.java:52)
at org.testng.SuiteRunnerWorker.run(SuiteRunnerWorker.java:84)
at org.testng.TestNG.runSuitesSequentially(TestNG.java:1208)
at org.testng.TestNG.runSuitesLocally(TestNG.java:1137)
at org.testng.TestNG.runSuites(TestNG.java:1049)
at org.testng.TestNG.run(TestNG.java:1017)
at com.intellij.rt.testng.IDEARemoteTestNG.run(IDEARemoteTestNG.java:66)
at com.intellij.rt.testng.RemoteTestNGStarter.main(RemoteTestNGStarter.java:109)
]]>
    </failure>
  </testcase> <!-- loginValidUser -->
  <testcase name="logOutUser" time="0.0" classname="tests.TestLoginPage">
    <skipped/>
  </testcase> <!-- logOutUser -->
  <testcase name="forgetMyInfoAddressMissing" time="0.765" classname="tests.TestForgotInfo"/>
  <testcase name="forgetMyInfoCityMissing" time="0.779" classname="tests.TestForgotInfo"/>
  <testcase name="forgetMyInfoLastNameMissing" time="0.772" classname="tests.TestForgotInfo"/>
  <testcase name="forgetMyInfoNameMissing" time="0.801" classname="tests.TestForgotInfo"/>
  <testcase name="forgetMyInfoNegativeUnexistingUser" time="0.737" classname="tests.TestForgotInfo"/>
  <testcase name="forgetMyInfoSSNMissing" time="0.785" classname="tests.TestForgotInfo"/>
  <testcase name="forgetMyInfoStateMissing" time="0.77" classname="tests.TestForgotInfo"/>
  <testcase name="forgetMyInfoZipMissing" time="0.803" classname="tests.TestForgotInfo"/>
  <testcase name="registerInvalidPassConfirm" time="0.0" classname="tests.TestRegisterPage">
    <skipped/>
  </testcase> <!-- registerInvalidPassConfirm -->
  <testcase name="registerNewUser" time="0.0" classname="tests.TestRegisterPage">
    <skipped/>
  </testcase> <!-- registerNewUser -->
  <testcase name="registerUserNoData" time="0.0" classname="tests.TestRegisterPage">
    <skipped/>
  </testcase> <!-- registerUserNoData -->
  <testcase name="registerVerifyPhoneNotReqField" time="0.0" classname="tests.TestRegisterPage">
    <skipped/>
  </testcase> <!-- registerVerifyPhoneNotReqField -->
  <testcase name="registerExistingUser" time="0.0" classname="tests.TestRegisterPage">
    <skipped/>
  </testcase> <!-- registerExistingUser -->
  <testcase name="loginWithoutCredentials" time="0.008" classname="tests.TestLoginPage">
    <failure type="org.openqa.selenium.NoSuchElementException" message="no such element: Unable to locate element: {&amp;quot;method&amp;quot;:&amp;quot;css selector&amp;quot;,&amp;quot;selector&amp;quot;:&amp;quot;*[name=&amp;apos;username&amp;apos;]&amp;quot;}
  (Session info: chrome=106.0.5249.119)
For documentation on this error, please visit: http://seleniumhq.org/exceptions/no_such_element.html
Build info: version: &amp;apos;3.141.0&amp;apos;, revision: &amp;apos;2ecb7d9a&amp;apos;, time: &amp;apos;2018-10-31T20:09:30&amp;apos;
System info: host: &amp;apos;Uciteljicas-MacBook-Pro.local&amp;apos;, ip: &amp;apos;fe80:0:0:0:1c74:2f82:eed8:ec9d%en0&amp;apos;, os.name: &amp;apos;Mac OS X&amp;apos;, os.arch: &amp;apos;x86_64&amp;apos;, os.version: &amp;apos;12.6&amp;apos;, java.version: &amp;apos;1.8.0_341&amp;apos;
Driver info: org.openqa.selenium.chrome.ChromeDriver
Capabilities {acceptInsecureCerts: false, browserName: chrome, browserVersion: 106.0.5249.119, chrome: {chromedriverVersion: 106.0.5249.61 (511755355844..., userDataDir: /var/folders/81/9gtq7cz93jl...}, goog:chromeOptions: {debuggerAddress: localhost:54900}, javascriptEnabled: true, networkConnectionEnabled: false, pageLoadStrategy: normal, platform: MAC, platformName: MAC, proxy: Proxy(), setWindowRect: true, strictFileInteractability: false, timeouts: {implicit: 0, pageLoad: 300000, script: 30000}, unhandledPromptBehavior: dismiss and notify, webauthn:extension:credBlob: true, webauthn:extension:largeBlob: true, webauthn:virtualAuthenticators: true}
Session ID: b63d4b11965c27259a7a3e63ea5ae4be
*** Element info: {Using=name, value=username}">
      <![CDATA[org.openqa.selenium.NoSuchElementException: no such element: Unable to locate element: {"method":"css selector","selector":"*[name='username']"}
  (Session info: chrome=106.0.5249.119)
For documentation on this error, please visit: http://seleniumhq.org/exceptions/no_such_element.html
Build info: version: '3.141.0', revision: '2ecb7d9a', time: '2018-10-31T20:09:30'
System info: host: 'Uciteljicas-MacBook-Pro.local', ip: 'fe80:0:0:0:1c74:2f82:eed8:ec9d%en0', os.name: 'Mac OS X', os.arch: 'x86_64', os.version: '12.6', java.version: '1.8.0_341'
Driver info: org.openqa.selenium.chrome.ChromeDriver
Capabilities {acceptInsecureCerts: false, browserName: chrome, browserVersion: 106.0.5249.119, chrome: {chromedriverVersion: 106.0.5249.61 (511755355844..., userDataDir: /var/folders/81/9gtq7cz93jl...}, goog:chromeOptions: {debuggerAddress: localhost:54900}, javascriptEnabled: true, networkConnectionEnabled: false, pageLoadStrategy: normal, platform: MAC, platformName: MAC, proxy: Proxy(), setWindowRect: true, strictFileInteractability: false, timeouts: {implicit: 0, pageLoad: 300000, script: 30000}, unhandledPromptBehavior: dismiss and notify, webauthn:extension:credBlob: true, webauthn:extension:largeBlob: true, webauthn:virtualAuthenticators: true}
Session ID: b63d4b11965c27259a7a3e63ea5ae4be
*** Element info: {Using=name, value=username}
at sun.reflect.NativeConstructorAccessorImpl.newInstance0(Native Method)
at sun.reflect.NativeConstructorAccessorImpl.newInstance(NativeConstructorAccessorImpl.java:62)
at sun.reflect.DelegatingConstructorAccessorImpl.newInstance(DelegatingConstructorAccessorImpl.java:45)
at java.lang.reflect.Constructor.newInstance(Constructor.java:423)
at org.openqa.selenium.remote.http.W3CHttpResponseCodec.createException(W3CHttpResponseCodec.java:187)
at org.openqa.selenium.remote.http.W3CHttpResponseCodec.decode(W3CHttpResponseCodec.java:122)
at org.openqa.selenium.remote.http.W3CHttpResponseCodec.decode(W3CHttpResponseCodec.java:49)
at org.openqa.selenium.remote.HttpCommandExecutor.execute(HttpCommandExecutor.java:158)
at org.openqa.selenium.remote.service.DriverCommandExecutor.execute(DriverCommandExecutor.java:83)
at org.openqa.selenium.remote.RemoteWebDriver.execute(RemoteWebDriver.java:552)
at org.openqa.selenium.remote.RemoteWebDriver.findElement(RemoteWebDriver.java:323)
at org.openqa.selenium.remote.RemoteWebDriver.findElementByName(RemoteWebDriver.java:404)
at org.openqa.selenium.By$ByName.findElement(By.java:284)
at org.openqa.selenium.remote.RemoteWebDriver.findElement(RemoteWebDriver.java:315)
at objects.LoginPage.getUserNameField(LoginPage.java:12)
at objects.LoginPage.logIn(LoginPage.java:73)
at tests.TestLoginPage.loginWithoutCredentials(TestLoginPage.java:40)
at sun.reflect.NativeMethodAccessorImpl.invoke0(Native Method)
at sun.reflect.NativeMethodAccessorImpl.invoke(NativeMethodAccessorImpl.java:62)
at sun.reflect.DelegatingMethodAccessorImpl.invoke(DelegatingMethodAccessorImpl.java:43)
at java.lang.reflect.Method.invoke(Method.java:498)
at org.testng.internal.MethodInvocationHelper.invokeMethod(MethodInvocationHelper.java:124)
at org.testng.internal.Invoker.invokeMethod(Invoker.java:583)
at org.testng.internal.Invoker.invokeTestMethod(Invoker.java:719)
at org.testng.internal.Invoker.invokeTestMethods(Invoker.java:989)
at org.testng.internal.TestMethodWorker.invokeTestMethods(TestMethodWorker.java:125)
at org.testng.internal.TestMethodWorker.run(TestMethodWorker.java:109)
at org.testng.TestRunner.privateRun(TestRunner.java:648)
at org.testng.TestRunner.run(TestRunner.java:505)
at org.testng.SuiteRunner.runTest(SuiteRunner.java:455)
at org.testng.SuiteRunner.runSequentially(SuiteRunner.java:450)
at org.testng.SuiteRunner.privateRun(SuiteRunner.java:415)
at org.testng.SuiteRunner.run(SuiteRunner.java:364)
at org.testng.SuiteRunnerWorker.runSuite(SuiteRunnerWorker.java:52)
at org.testng.SuiteRunnerWorker.run(SuiteRunnerWorker.java:84)
at org.testng.TestNG.runSuitesSequentially(TestNG.java:1208)
at org.testng.TestNG.runSuitesLocally(TestNG.java:1137)
at org.testng.TestNG.runSuites(TestNG.java:1049)
at org.testng.TestNG.run(TestNG.java:1017)
at com.intellij.rt.testng.IDEARemoteTestNG.run(IDEARemoteTestNG.java:66)
at com.intellij.rt.testng.RemoteTestNGStarter.main(RemoteTestNGStarter.java:109)
]]>
    </failure>
  </testcase> <!-- loginWithoutCredentials -->
  <testcase name="forgetMyInfoPositive" time="0.0" classname="tests.TestForgotInfo">
    <ignored/>
  </testcase> <!-- forgetMyInfoPositive -->
  <testcase name="loginUnregisteredUser" time="0.0" classname="tests.TestLoginPage">
    <ignored/>
  </testcase> <!-- loginUnregisteredUser -->
  <testcase name="@BeforeTest startTest" time="0.0" classname="tests.BaseTestClass">
    <ignored/>
  </testcase> <!-- @BeforeTest startTest -->
  <testcase name="@BeforeTest startTest" time="0.0" classname="tests.BaseTestClass">
    <ignored/>
  </testcase> <!-- @BeforeTest startTest -->
  <testcase name="@BeforeTest startTest" time="0.0" classname="tests.BaseTestClass">
    <ignored/>
  </testcase> <!-- @BeforeTest startTest -->
  <testcase name="@AfterTest stopTest" time="0.0" classname="tests.BaseTestClass">
    <ignored/>
  </testcase> <!-- @AfterTest stopTest -->
  <testcase name="@AfterTest stopTest" time="0.0" classname="tests.BaseTestClass">
    <ignored/>
  </testcase> <!-- @AfterTest stopTest -->
  <testcase name="@AfterTest stopTest" time="0.0" classname="tests.BaseTestClass">
    <ignored/>
  </testcase> <!-- @AfterTest stopTest -->
</testsuite> <!-- tests -->
