<?xml version="1.0" encoding="UTF-8"?>
<testng-results skipped="6" failed="3" ignored="8" total="29" passed="12">
  <reporter-output>
  </reporter-output>
  <suite name="Regression Suite" duration-ms="24195" started-at="2022-10-20T09:32:56Z" finished-at="2022-10-20T09:33:20Z">
    <groups>
    </groups>
    <test name="tests" duration-ms="24195" started-at="2022-10-20T09:32:56Z" finished-at="2022-10-20T09:33:20Z">
      <class name="tests.TestForgotInfo">
        <test-method status="PASS" signature="generateUserData()[pri:0, instance:tests.TestForgotInfo@6be46e8f]" name="generateUserData" is-config="true" duration-ms="19" started-at="2022-10-20T09:33:10Z" finished-at="2022-10-20T09:33:10Z">
          <reporter-output>
          </reporter-output>
        </test-method> <!-- generateUserData -->
        <test-method status="PASS" signature="forgetSetup()[pri:0, instance:tests.TestForgotInfo@6be46e8f]" name="forgetSetup" is-config="true" duration-ms="383" started-at="2022-10-20T09:33:10Z" finished-at="2022-10-20T09:33:10Z">
          <reporter-output>
          </reporter-output>
        </test-method> <!-- forgetSetup -->
        <test-method status="PASS" signature="forgetMyInfoAddressMissing()[pri:0, instance:tests.TestForgotInfo@6be46e8f]" name="forgetMyInfoAddressMissing" duration-ms="765" started-at="2022-10-20T09:33:10Z" finished-at="2022-10-20T09:33:11Z">
          <reporter-output>
          </reporter-output>
        </test-method> <!-- forgetMyInfoAddressMissing -->
        <test-method status="PASS" signature="validateUrlAfterError()[pri:0, instance:tests.TestForgotInfo@6be46e8f]" name="validateUrlAfterError" is-config="true" duration-ms="5" started-at="2022-10-20T09:33:11Z" finished-at="2022-10-20T09:33:11Z">
          <reporter-output>
          </reporter-output>
        </test-method> <!-- validateUrlAfterError -->
        <test-method status="PASS" signature="generateUserData()[pri:0, instance:tests.TestForgotInfo@6be46e8f]" name="generateUserData" is-config="true" duration-ms="19" started-at="2022-10-20T09:33:11Z" finished-at="2022-10-20T09:33:11Z">
          <reporter-output>
          </reporter-output>
        </test-method> <!-- generateUserData -->
        <test-method status="PASS" signature="forgetSetup()[pri:0, instance:tests.TestForgotInfo@6be46e8f]" name="forgetSetup" is-config="true" duration-ms="333" started-at="2022-10-20T09:33:11Z" finished-at="2022-10-20T09:33:11Z">
          <reporter-output>
          </reporter-output>
        </test-method> <!-- forgetSetup -->
        <test-method status="PASS" signature="forgetMyInfoCityMissing()[pri:0, instance:tests.TestForgotInfo@6be46e8f]" name="forgetMyInfoCityMissing" duration-ms="779" started-at="2022-10-20T09:33:11Z" finished-at="2022-10-20T09:33:12Z">
          <reporter-output>
          </reporter-output>
        </test-method> <!-- forgetMyInfoCityMissing -->
        <test-method status="PASS" signature="validateUrlAfterError()[pri:0, instance:tests.TestForgotInfo@6be46e8f]" name="validateUrlAfterError" is-config="true" duration-ms="6" started-at="2022-10-20T09:33:12Z" finished-at="2022-10-20T09:33:12Z">
          <reporter-output>
          </reporter-output>
        </test-method> <!-- validateUrlAfterError -->
        <test-method status="PASS" signature="generateUserData()[pri:0, instance:tests.TestForgotInfo@6be46e8f]" name="generateUserData" is-config="true" duration-ms="23" started-at="2022-10-20T09:33:12Z" finished-at="2022-10-20T09:33:12Z">
          <reporter-output>
          </reporter-output>
        </test-method> <!-- generateUserData -->
        <test-method status="PASS" signature="forgetSetup()[pri:0, instance:tests.TestForgotInfo@6be46e8f]" name="forgetSetup" is-config="true" duration-ms="367" started-at="2022-10-20T09:33:12Z" finished-at="2022-10-20T09:33:13Z">
          <reporter-output>
          </reporter-output>
        </test-method> <!-- forgetSetup -->
        <test-method status="PASS" signature="forgetMyInfoLastNameMissing()[pri:0, instance:tests.TestForgotInfo@6be46e8f]" name="forgetMyInfoLastNameMissing" duration-ms="772" started-at="2022-10-20T09:33:13Z" finished-at="2022-10-20T09:33:13Z">
          <reporter-output>
          </reporter-output>
        </test-method> <!-- forgetMyInfoLastNameMissing -->
        <test-method status="PASS" signature="validateUrlAfterError()[pri:0, instance:tests.TestForgotInfo@6be46e8f]" name="validateUrlAfterError" is-config="true" duration-ms="4" started-at="2022-10-20T09:33:13Z" finished-at="2022-10-20T09:33:13Z">
          <reporter-output>
          </reporter-output>
        </test-method> <!-- validateUrlAfterError -->
        <test-method status="PASS" signature="generateUserData()[pri:0, instance:tests.TestForgotInfo@6be46e8f]" name="generateUserData" is-config="true" duration-ms="24" started-at="2022-10-20T09:33:13Z" finished-at="2022-10-20T09:33:13Z">
          <reporter-output>
          </reporter-output>
        </test-method> <!-- generateUserData -->
        <test-method status="PASS" signature="forgetSetup()[pri:0, instance:tests.TestForgotInfo@6be46e8f]" name="forgetSetup" is-config="true" duration-ms="326" started-at="2022-10-20T09:33:13Z" finished-at="2022-10-20T09:33:14Z">
          <reporter-output>
          </reporter-output>
        </test-method> <!-- forgetSetup -->
        <test-method status="PASS" signature="forgetMyInfoNameMissing()[pri:0, instance:tests.TestForgotInfo@6be46e8f]" name="forgetMyInfoNameMissing" duration-ms="801" started-at="2022-10-20T09:33:14Z" finished-at="2022-10-20T09:33:15Z">
          <reporter-output>
          </reporter-output>
        </test-method> <!-- forgetMyInfoNameMissing -->
        <test-method status="PASS" signature="validateUrlAfterError()[pri:0, instance:tests.TestForgotInfo@6be46e8f]" name="validateUrlAfterError" is-config="true" duration-ms="6" started-at="2022-10-20T09:33:15Z" finished-at="2022-10-20T09:33:15Z">
          <reporter-output>
          </reporter-output>
        </test-method> <!-- validateUrlAfterError -->
        <test-method status="PASS" signature="generateUserData()[pri:0, instance:tests.TestForgotInfo@6be46e8f]" name="generateUserData" is-config="true" duration-ms="17" started-at="2022-10-20T09:33:15Z" finished-at="2022-10-20T09:33:15Z">
          <reporter-output>
          </reporter-output>
        </test-method> <!-- generateUserData -->
        <test-method status="PASS" signature="forgetSetup()[pri:0, instance:tests.TestForgotInfo@6be46e8f]" name="forgetSetup" is-config="true" duration-ms="328" started-at="2022-10-20T09:33:15Z" finished-at="2022-10-20T09:33:15Z">
          <reporter-output>
          </reporter-output>
        </test-method> <!-- forgetSetup -->
        <test-method status="PASS" signature="forgetMyInfoNegativeUnexistingUser()[pri:0, instance:tests.TestForgotInfo@6be46e8f]" name="forgetMyInfoNegativeUnexistingUser" duration-ms="737" started-at="2022-10-20T09:33:15Z" finished-at="2022-10-20T09:33:16Z">
          <reporter-output>
          </reporter-output>
        </test-method> <!-- forgetMyInfoNegativeUnexistingUser -->
        <test-method status="PASS" signature="validateUrlAfterError()[pri:0, instance:tests.TestForgotInfo@6be46e8f]" name="validateUrlAfterError" is-config="true" duration-ms="3" started-at="2022-10-20T09:33:16Z" finished-at="2022-10-20T09:33:16Z">
          <reporter-output>
          </reporter-output>
        </test-method> <!-- validateUrlAfterError -->
        <test-method status="PASS" signature="generateUserData()[pri:0, instance:tests.TestForgotInfo@6be46e8f]" name="generateUserData" is-config="true" duration-ms="20" started-at="2022-10-20T09:33:16Z" finished-at="2022-10-20T09:33:16Z">
          <reporter-output>
          </reporter-output>
        </test-method> <!-- generateUserData -->
        <test-method status="PASS" signature="forgetSetup()[pri:0, instance:tests.TestForgotInfo@6be46e8f]" name="forgetSetup" is-config="true" duration-ms="336" started-at="2022-10-20T09:33:16Z" finished-at="2022-10-20T09:33:16Z">
          <reporter-output>
          </reporter-output>
        </test-method> <!-- forgetSetup -->
        <test-method status="PASS" signature="forgetMyInfoSSNMissing()[pri:0, instance:tests.TestForgotInfo@6be46e8f]" name="forgetMyInfoSSNMissing" duration-ms="785" started-at="2022-10-20T09:33:16Z" finished-at="2022-10-20T09:33:17Z">
          <reporter-output>
          </reporter-output>
        </test-method> <!-- forgetMyInfoSSNMissing -->
        <test-method status="PASS" signature="validateUrlAfterError()[pri:0, instance:tests.TestForgotInfo@6be46e8f]" name="validateUrlAfterError" is-config="true" duration-ms="5" started-at="2022-10-20T09:33:17Z" finished-at="2022-10-20T09:33:17Z">
          <reporter-output>
          </reporter-output>
        </test-method> <!-- validateUrlAfterError -->
        <test-method status="PASS" signature="generateUserData()[pri:0, instance:tests.TestForgotInfo@6be46e8f]" name="generateUserData" is-config="true" duration-ms="18" started-at="2022-10-20T09:33:17Z" finished-at="2022-10-20T09:33:17Z">
          <reporter-output>
          </reporter-output>
        </test-method> <!-- generateUserData -->
        <test-method status="PASS" signature="forgetSetup()[pri:0, instance:tests.TestForgotInfo@6be46e8f]" name="forgetSetup" is-config="true" duration-ms="329" started-at="2022-10-20T09:33:17Z" finished-at="2022-10-20T09:33:17Z">
          <reporter-output>
          </reporter-output>
        </test-method> <!-- forgetSetup -->
        <test-method status="PASS" signature="forgetMyInfoStateMissing()[pri:0, instance:tests.TestForgotInfo@6be46e8f]" name="forgetMyInfoStateMissing" duration-ms="770" started-at="2022-10-20T09:33:17Z" finished-at="2022-10-20T09:33:18Z">
          <reporter-output>
          </reporter-output>
        </test-method> <!-- forgetMyInfoStateMissing -->
        <test-method status="PASS" signature="validateUrlAfterError()[pri:0, instance:tests.TestForgotInfo@6be46e8f]" name="validateUrlAfterError" is-config="true" duration-ms="3" started-at="2022-10-20T09:33:18Z" finished-at="2022-10-20T09:33:18Z">
          <reporter-output>
          </reporter-output>
        </test-method> <!-- validateUrlAfterError -->
        <test-method status="PASS" signature="generateUserData()[pri:0, instance:tests.TestForgotInfo@6be46e8f]" name="generateUserData" is-config="true" duration-ms="19" started-at="2022-10-20T09:33:18Z" finished-at="2022-10-20T09:33:18Z">
          <reporter-output>
          </reporter-output>
        </test-method> <!-- generateUserData -->
        <test-method status="PASS" signature="forgetSetup()[pri:0, instance:tests.TestForgotInfo@6be46e8f]" name="forgetSetup" is-config="true" duration-ms="346" started-at="2022-10-20T09:33:18Z" finished-at="2022-10-20T09:33:18Z">
          <reporter-output>
          </reporter-output>
        </test-method> <!-- forgetSetup -->
        <test-method status="PASS" signature="forgetMyInfoZipMissing()[pri:0, instance:tests.TestForgotInfo@6be46e8f]" name="forgetMyInfoZipMissing" duration-ms="803" started-at="2022-10-20T09:33:18Z" finished-at="2022-10-20T09:33:19Z">
          <reporter-output>
          </reporter-output>
        </test-method> <!-- forgetMyInfoZipMissing -->
        <test-method status="PASS" signature="validateUrlAfterError()[pri:0, instance:tests.TestForgotInfo@6be46e8f]" name="validateUrlAfterError" is-config="true" duration-ms="4" started-at="2022-10-20T09:33:19Z" finished-at="2022-10-20T09:33:19Z">
          <reporter-output>
          </reporter-output>
        </test-method> <!-- validateUrlAfterError -->
      </class> <!-- tests.TestForgotInfo -->
      <class name="tests.TestRegisterPage">
        <test-method status="PASS" signature="generateUserData()[pri:0, instance:tests.TestRegisterPage@3567135c]" name="generateUserData" is-config="true" duration-ms="16" started-at="2022-10-20T09:33:19Z" finished-at="2022-10-20T09:33:19Z">
          <reporter-output>
          </reporter-output>
        </test-method> <!-- generateUserData -->
        <test-method status="FAIL" signature="registerSetup()[pri:0, instance:tests.TestRegisterPage@3567135c]" name="registerSetup" is-config="true" duration-ms="324" started-at="2022-10-20T09:33:19Z" finished-at="2022-10-20T09:33:19Z">
          <exception class="org.openqa.selenium.NoSuchElementException">
            <message>
              <![CDATA[no such element: Unable to locate element: {"method":"css selector","selector":"#customerForm"}
  (Session info: chrome=106.0.5249.119)
For documentation on this error, please visit: http://seleniumhq.org/exceptions/no_such_element.html
Build info: version: '3.141.0', revision: '2ecb7d9a', time: '2018-10-31T20:09:30'
System info: host: 'Uciteljicas-MacBook-Pro.local', ip: 'fe80:0:0:0:1c74:2f82:eed8:ec9d%en0', os.name: 'Mac OS X', os.arch: 'x86_64', os.version: '12.6', java.version: '1.8.0_341'
Driver info: org.openqa.selenium.chrome.ChromeDriver
Capabilities {acceptInsecureCerts: false, browserName: chrome, browserVersion: 106.0.5249.119, chrome: {chromedriverVersion: 106.0.5249.61 (511755355844..., userDataDir: /var/folders/81/9gtq7cz93jl...}, goog:chromeOptions: {debuggerAddress: localhost:54900}, javascriptEnabled: true, networkConnectionEnabled: false, pageLoadStrategy: normal, platform: MAC, platformName: MAC, proxy: Proxy(), setWindowRect: true, strictFileInteractability: false, timeouts: {implicit: 0, pageLoad: 300000, script: 30000}, unhandledPromptBehavior: dismiss and notify, webauthn:extension:credBlob: true, webauthn:extension:largeBlob: true, webauthn:virtualAuthenticators: true}
Session ID: b63d4b11965c27259a7a3e63ea5ae4be
*** Element info: {Using=id, value=customerForm}]]>
            </message>
            <full-stacktrace>
              <![CDATA[org.openqa.selenium.NoSuchElementException: no such element: Unable to locate element: {"method":"css selector","selector":"#customerForm"}
  (Session info: chrome=106.0.5249.119)
For documentation on this error, please visit: http://seleniumhq.org/exceptions/no_such_element.html
Build info: version: '3.141.0', revision: '2ecb7d9a', time: '2018-10-31T20:09:30'
System info: host: 'Uciteljicas-MacBook-Pro.local', ip: 'fe80:0:0:0:1c74:2f82:eed8:ec9d%en0', os.name: 'Mac OS X', os.arch: 'x86_64', os.version: '12.6', java.version: '1.8.0_341'
Driver info: org.openqa.selenium.chrome.ChromeDriver
Capabilities {acceptInsecureCerts: false, browserName: chrome, browserVersion: 106.0.5249.119, chrome: {chromedriverVersion: 106.0.5249.61 (511755355844..., userDataDir: /var/folders/81/9gtq7cz93jl...}, goog:chromeOptions: {debuggerAddress: localhost:54900}, javascriptEnabled: true, networkConnectionEnabled: false, pageLoadStrategy: normal, platform: MAC, platformName: MAC, proxy: Proxy(), setWindowRect: true, strictFileInteractability: false, timeouts: {implicit: 0, pageLoad: 300000, script: 30000}, unhandledPromptBehavior: dismiss and notify, webauthn:extension:credBlob: true, webauthn:extension:largeBlob: true, webauthn:virtualAuthenticators: true}
Session ID: b63d4b11965c27259a7a3e63ea5ae4be
*** Element info: {Using=id, value=customerForm}
at sun.reflect.NativeConstructorAccessorImpl.newInstance0(Native Method)
at sun.reflect.NativeConstructorAccessorImpl.newInstance(NativeConstructorAccessorImpl.java:62)
at sun.reflect.DelegatingConstructorAccessorImpl.newInstance(DelegatingConstructorAccessorImpl.java:45)
at java.lang.reflect.Constructor.newInstance(Constructor.java:423)
at org.openqa.selenium.remote.http.W3CHttpResponseCodec.createException(W3CHttpResponseCodec.java:187)
at org.openqa.selenium.remote.http.W3CHttpResponseCodec.decode(W3CHttpResponseCodec.java:122)
at org.openqa.selenium.remote.http.W3CHttpResponseCodec.decode(W3CHttpResponseCodec.java:49)
at org.openqa.selenium.remote.HttpCommandExecutor.execute(HttpCommandExecutor.java:158)
at org.openqa.selenium.remote.service.DriverCommandExecutor.execute(DriverCommandExecutor.java:83)
at org.openqa.selenium.remote.RemoteWebDriver.execute(RemoteWebDriver.java:552)
at org.openqa.selenium.remote.RemoteWebDriver.findElement(RemoteWebDriver.java:323)
at org.openqa.selenium.remote.RemoteWebDriver.findElementById(RemoteWebDriver.java:372)
at org.openqa.selenium.By$ById.findElement(By.java:188)
at org.openqa.selenium.remote.RemoteWebDriver.findElement(RemoteWebDriver.java:315)
at objects.RegisterPage.getRegisterForm(RegisterPage.java:12)
at tests.TestRegisterPage.registerSetup(TestRegisterPage.java:18)
at sun.reflect.NativeMethodAccessorImpl.invoke0(Native Method)
at sun.reflect.NativeMethodAccessorImpl.invoke(NativeMethodAccessorImpl.java:62)
at sun.reflect.DelegatingMethodAccessorImpl.invoke(DelegatingMethodAccessorImpl.java:43)
at java.lang.reflect.Method.invoke(Method.java:498)
at org.testng.internal.MethodInvocationHelper.invokeMethod(MethodInvocationHelper.java:124)
at org.testng.internal.MethodInvocationHelper.invokeMethodConsideringTimeout(MethodInvocationHelper.java:59)
at org.testng.internal.Invoker.invokeConfigurationMethod(Invoker.java:458)
at org.testng.internal.Invoker.invokeConfigurations(Invoker.java:222)
at org.testng.internal.Invoker.invokeMethod(Invoker.java:523)
at org.testng.internal.Invoker.invokeTestMethod(Invoker.java:719)
at org.testng.internal.Invoker.invokeTestMethods(Invoker.java:989)
at org.testng.internal.TestMethodWorker.invokeTestMethods(TestMethodWorker.java:125)
at org.testng.internal.TestMethodWorker.run(TestMethodWorker.java:109)
at org.testng.TestRunner.privateRun(TestRunner.java:648)
at org.testng.TestRunner.run(TestRunner.java:505)
at org.testng.SuiteRunner.runTest(SuiteRunner.java:455)
at org.testng.SuiteRunner.runSequentially(SuiteRunner.java:450)
at org.testng.SuiteRunner.privateRun(SuiteRunner.java:415)
at org.testng.SuiteRunner.run(SuiteRunner.java:364)
at org.testng.SuiteRunnerWorker.runSuite(SuiteRunnerWorker.java:52)
at org.testng.SuiteRunnerWorker.run(SuiteRunnerWorker.java:84)
at org.testng.TestNG.runSuitesSequentially(TestNG.java:1208)
at org.testng.TestNG.runSuitesLocally(TestNG.java:1137)
at org.testng.TestNG.runSuites(TestNG.java:1049)
at org.testng.TestNG.run(TestNG.java:1017)
at com.intellij.rt.testng.IDEARemoteTestNG.run(IDEARemoteTestNG.java:66)
at com.intellij.rt.testng.RemoteTestNGStarter.main(RemoteTestNGStarter.java:109)
]]>
            </full-stacktrace>
          </exception> <!-- org.openqa.selenium.NoSuchElementException -->
          <reporter-output>
          </reporter-output>
        </test-method> <!-- registerSetup -->
        <test-method status="SKIP" signature="generateUserData()[pri:0, instance:tests.TestRegisterPage@3567135c]" name="generateUserData" is-config="true" duration-ms="0" started-at="2022-10-20T09:33:19Z" finished-at="2022-10-20T09:33:19Z">
          <reporter-output>
          </reporter-output>
        </test-method> <!-- generateUserData -->
        <test-method status="SKIP" signature="registerSetup()[pri:0, instance:tests.TestRegisterPage@3567135c]" name="registerSetup" is-config="true" duration-ms="0" started-at="2022-10-20T09:33:19Z" finished-at="2022-10-20T09:33:19Z">
          <reporter-output>
          </reporter-output>
        </test-method> <!-- registerSetup -->
        <test-method status="SKIP" signature="registerInvalidPassConfirm()[pri:0, instance:tests.TestRegisterPage@3567135c]" name="registerInvalidPassConfirm" duration-ms="0" started-at="2022-10-20T09:33:19Z" finished-at="2022-10-20T09:33:19Z">
          <exception class="org.openqa.selenium.NoSuchElementException">
            <message>
              <![CDATA[no such element: Unable to locate element: {"method":"css selector","selector":"#customerForm"}
  (Session info: chrome=106.0.5249.119)
For documentation on this error, please visit: http://seleniumhq.org/exceptions/no_such_element.html
Build info: version: '3.141.0', revision: '2ecb7d9a', time: '2018-10-31T20:09:30'
System info: host: 'Uciteljicas-MacBook-Pro.local', ip: 'fe80:0:0:0:1c74:2f82:eed8:ec9d%en0', os.name: 'Mac OS X', os.arch: 'x86_64', os.version: '12.6', java.version: '1.8.0_341'
Driver info: org.openqa.selenium.chrome.ChromeDriver
Capabilities {acceptInsecureCerts: false, browserName: chrome, browserVersion: 106.0.5249.119, chrome: {chromedriverVersion: 106.0.5249.61 (511755355844..., userDataDir: /var/folders/81/9gtq7cz93jl...}, goog:chromeOptions: {debuggerAddress: localhost:54900}, javascriptEnabled: true, networkConnectionEnabled: false, pageLoadStrategy: normal, platform: MAC, platformName: MAC, proxy: Proxy(), setWindowRect: true, strictFileInteractability: false, timeouts: {implicit: 0, pageLoad: 300000, script: 30000}, unhandledPromptBehavior: dismiss and notify, webauthn:extension:credBlob: true, webauthn:extension:largeBlob: true, webauthn:virtualAuthenticators: true}
Session ID: b63d4b11965c27259a7a3e63ea5ae4be
*** Element info: {Using=id, value=customerForm}]]>
            </message>
            <full-stacktrace>
              <![CDATA[org.openqa.selenium.NoSuchElementException: no such element: Unable to locate element: {"method":"css selector","selector":"#customerForm"}
  (Session info: chrome=106.0.5249.119)
For documentation on this error, please visit: http://seleniumhq.org/exceptions/no_such_element.html
Build info: version: '3.141.0', revision: '2ecb7d9a', time: '2018-10-31T20:09:30'
System info: host: 'Uciteljicas-MacBook-Pro.local', ip: 'fe80:0:0:0:1c74:2f82:eed8:ec9d%en0', os.name: 'Mac OS X', os.arch: 'x86_64', os.version: '12.6', java.version: '1.8.0_341'
Driver info: org.openqa.selenium.chrome.ChromeDriver
Capabilities {acceptInsecureCerts: false, browserName: chrome, browserVersion: 106.0.5249.119, chrome: {chromedriverVersion: 106.0.5249.61 (511755355844..., userDataDir: /var/folders/81/9gtq7cz93jl...}, goog:chromeOptions: {debuggerAddress: localhost:54900}, javascriptEnabled: true, networkConnectionEnabled: false, pageLoadStrategy: normal, platform: MAC, platformName: MAC, proxy: Proxy(), setWindowRect: true, strictFileInteractability: false, timeouts: {implicit: 0, pageLoad: 300000, script: 30000}, unhandledPromptBehavior: dismiss and notify, webauthn:extension:credBlob: true, webauthn:extension:largeBlob: true, webauthn:virtualAuthenticators: true}
Session ID: b63d4b11965c27259a7a3e63ea5ae4be
*** Element info: {Using=id, value=customerForm}
at sun.reflect.NativeConstructorAccessorImpl.newInstance0(Native Method)
at sun.reflect.NativeConstructorAccessorImpl.newInstance(NativeConstructorAccessorImpl.java:62)
at sun.reflect.DelegatingConstructorAccessorImpl.newInstance(DelegatingConstructorAccessorImpl.java:45)
at java.lang.reflect.Constructor.newInstance(Constructor.java:423)
at org.openqa.selenium.remote.http.W3CHttpResponseCodec.createException(W3CHttpResponseCodec.java:187)
at org.openqa.selenium.remote.http.W3CHttpResponseCodec.decode(W3CHttpResponseCodec.java:122)
at org.openqa.selenium.remote.http.W3CHttpResponseCodec.decode(W3CHttpResponseCodec.java:49)
at org.openqa.selenium.remote.HttpCommandExecutor.execute(HttpCommandExecutor.java:158)
at org.openqa.selenium.remote.service.DriverCommandExecutor.execute(DriverCommandExecutor.java:83)
at org.openqa.selenium.remote.RemoteWebDriver.execute(RemoteWebDriver.java:552)
at org.openqa.selenium.remote.RemoteWebDriver.findElement(RemoteWebDriver.java:323)
at org.openqa.selenium.remote.RemoteWebDriver.findElementById(RemoteWebDriver.java:372)
at org.openqa.selenium.By$ById.findElement(By.java:188)
at org.openqa.selenium.remote.RemoteWebDriver.findElement(RemoteWebDriver.java:315)
at objects.RegisterPage.getRegisterForm(RegisterPage.java:12)
at tests.TestRegisterPage.registerSetup(TestRegisterPage.java:18)
at sun.reflect.NativeMethodAccessorImpl.invoke0(Native Method)
at sun.reflect.NativeMethodAccessorImpl.invoke(NativeMethodAccessorImpl.java:62)
at sun.reflect.DelegatingMethodAccessorImpl.invoke(DelegatingMethodAccessorImpl.java:43)
at java.lang.reflect.Method.invoke(Method.java:498)
at org.testng.internal.MethodInvocationHelper.invokeMethod(MethodInvocationHelper.java:124)
at org.testng.internal.MethodInvocationHelper.invokeMethodConsideringTimeout(MethodInvocationHelper.java:59)
at org.testng.internal.Invoker.invokeConfigurationMethod(Invoker.java:458)
at org.testng.internal.Invoker.invokeConfigurations(Invoker.java:222)
at org.testng.internal.Invoker.invokeMethod(Invoker.java:523)
at org.testng.internal.Invoker.invokeTestMethod(Invoker.java:719)
at org.testng.internal.Invoker.invokeTestMethods(Invoker.java:989)
at org.testng.internal.TestMethodWorker.invokeTestMethods(TestMethodWorker.java:125)
at org.testng.internal.TestMethodWorker.run(TestMethodWorker.java:109)
at org.testng.TestRunner.privateRun(TestRunner.java:648)
at org.testng.TestRunner.run(TestRunner.java:505)
at org.testng.SuiteRunner.runTest(SuiteRunner.java:455)
at org.testng.SuiteRunner.runSequentially(SuiteRunner.java:450)
at org.testng.SuiteRunner.privateRun(SuiteRunner.java:415)
at org.testng.SuiteRunner.run(SuiteRunner.java:364)
at org.testng.SuiteRunnerWorker.runSuite(SuiteRunnerWorker.java:52)
at org.testng.SuiteRunnerWorker.run(SuiteRunnerWorker.java:84)
at org.testng.TestNG.runSuitesSequentially(TestNG.java:1208)
at org.testng.TestNG.runSuitesLocally(TestNG.java:1137)
at org.testng.TestNG.runSuites(TestNG.java:1049)
at org.testng.TestNG.run(TestNG.java:1017)
at com.intellij.rt.testng.IDEARemoteTestNG.run(IDEARemoteTestNG.java:66)
at com.intellij.rt.testng.RemoteTestNGStarter.main(RemoteTestNGStarter.java:109)
]]>
            </full-stacktrace>
          </exception> <!-- org.openqa.selenium.NoSuchElementException -->
          <reporter-output>
          </reporter-output>
        </test-method> <!-- registerInvalidPassConfirm -->
        <test-method status="SKIP" signature="registerNewUser()[pri:0, instance:tests.TestRegisterPage@3567135c]" name="registerNewUser" duration-ms="0" started-at="2022-10-20T09:33:19Z" finished-at="2022-10-20T09:33:19Z">
          <exception class="org.openqa.selenium.NoSuchElementException">
            <message>
              <![CDATA[no such element: Unable to locate element: {"method":"css selector","selector":"#customerForm"}
  (Session info: chrome=106.0.5249.119)
For documentation on this error, please visit: http://seleniumhq.org/exceptions/no_such_element.html
Build info: version: '3.141.0', revision: '2ecb7d9a', time: '2018-10-31T20:09:30'
System info: host: 'Uciteljicas-MacBook-Pro.local', ip: 'fe80:0:0:0:1c74:2f82:eed8:ec9d%en0', os.name: 'Mac OS X', os.arch: 'x86_64', os.version: '12.6', java.version: '1.8.0_341'
Driver info: org.openqa.selenium.chrome.ChromeDriver
Capabilities {acceptInsecureCerts: false, browserName: chrome, browserVersion: 106.0.5249.119, chrome: {chromedriverVersion: 106.0.5249.61 (511755355844..., userDataDir: /var/folders/81/9gtq7cz93jl...}, goog:chromeOptions: {debuggerAddress: localhost:54900}, javascriptEnabled: true, networkConnectionEnabled: false, pageLoadStrategy: normal, platform: MAC, platformName: MAC, proxy: Proxy(), setWindowRect: true, strictFileInteractability: false, timeouts: {implicit: 0, pageLoad: 300000, script: 30000}, unhandledPromptBehavior: dismiss and notify, webauthn:extension:credBlob: true, webauthn:extension:largeBlob: true, webauthn:virtualAuthenticators: true}
Session ID: b63d4b11965c27259a7a3e63ea5ae4be
*** Element info: {Using=id, value=customerForm}]]>
            </message>
            <full-stacktrace>
              <![CDATA[org.openqa.selenium.NoSuchElementException: no such element: Unable to locate element: {"method":"css selector","selector":"#customerForm"}
  (Session info: chrome=106.0.5249.119)
For documentation on this error, please visit: http://seleniumhq.org/exceptions/no_such_element.html
Build info: version: '3.141.0', revision: '2ecb7d9a', time: '2018-10-31T20:09:30'
System info: host: 'Uciteljicas-MacBook-Pro.local', ip: 'fe80:0:0:0:1c74:2f82:eed8:ec9d%en0', os.name: 'Mac OS X', os.arch: 'x86_64', os.version: '12.6', java.version: '1.8.0_341'
Driver info: org.openqa.selenium.chrome.ChromeDriver
Capabilities {acceptInsecureCerts: false, browserName: chrome, browserVersion: 106.0.5249.119, chrome: {chromedriverVersion: 106.0.5249.61 (511755355844..., userDataDir: /var/folders/81/9gtq7cz93jl...}, goog:chromeOptions: {debuggerAddress: localhost:54900}, javascriptEnabled: true, networkConnectionEnabled: false, pageLoadStrategy: normal, platform: MAC, platformName: MAC, proxy: Proxy(), setWindowRect: true, strictFileInteractability: false, timeouts: {implicit: 0, pageLoad: 300000, script: 30000}, unhandledPromptBehavior: dismiss and notify, webauthn:extension:credBlob: true, webauthn:extension:largeBlob: true, webauthn:virtualAuthenticators: true}
Session ID: b63d4b11965c27259a7a3e63ea5ae4be
*** Element info: {Using=id, value=customerForm}
at sun.reflect.NativeConstructorAccessorImpl.newInstance0(Native Method)
at sun.reflect.NativeConstructorAccessorImpl.newInstance(NativeConstructorAccessorImpl.java:62)
at sun.reflect.DelegatingConstructorAccessorImpl.newInstance(DelegatingConstructorAccessorImpl.java:45)
at java.lang.reflect.Constructor.newInstance(Constructor.java:423)
at org.openqa.selenium.remote.http.W3CHttpResponseCodec.createException(W3CHttpResponseCodec.java:187)
at org.openqa.selenium.remote.http.W3CHttpResponseCodec.decode(W3CHttpResponseCodec.java:122)
at org.openqa.selenium.remote.http.W3CHttpResponseCodec.decode(W3CHttpResponseCodec.java:49)
at org.openqa.selenium.remote.HttpCommandExecutor.execute(HttpCommandExecutor.java:158)
at org.openqa.selenium.remote.service.DriverCommandExecutor.execute(DriverCommandExecutor.java:83)
at org.openqa.selenium.remote.RemoteWebDriver.execute(RemoteWebDriver.java:552)
at org.openqa.selenium.remote.RemoteWebDriver.findElement(RemoteWebDriver.java:323)
at org.openqa.selenium.remote.RemoteWebDriver.findElementById(RemoteWebDriver.java:372)
at org.openqa.selenium.By$ById.findElement(By.java:188)
at org.openqa.selenium.remote.RemoteWebDriver.findElement(RemoteWebDriver.java:315)
at objects.RegisterPage.getRegisterForm(RegisterPage.java:12)
at tests.TestRegisterPage.registerSetup(TestRegisterPage.java:18)
at sun.reflect.NativeMethodAccessorImpl.invoke0(Native Method)
at sun.reflect.NativeMethodAccessorImpl.invoke(NativeMethodAccessorImpl.java:62)
at sun.reflect.DelegatingMethodAccessorImpl.invoke(DelegatingMethodAccessorImpl.java:43)
at java.lang.reflect.Method.invoke(Method.java:498)
at org.testng.internal.MethodInvocationHelper.invokeMethod(MethodInvocationHelper.java:124)
at org.testng.internal.MethodInvocationHelper.invokeMethodConsideringTimeout(MethodInvocationHelper.java:59)
at org.testng.internal.Invoker.invokeConfigurationMethod(Invoker.java:458)
at org.testng.internal.Invoker.invokeConfigurations(Invoker.java:222)
at org.testng.internal.Invoker.invokeMethod(Invoker.java:523)
at org.testng.internal.Invoker.invokeTestMethod(Invoker.java:719)
at org.testng.internal.Invoker.invokeTestMethods(Invoker.java:989)
at org.testng.internal.TestMethodWorker.invokeTestMethods(TestMethodWorker.java:125)
at org.testng.internal.TestMethodWorker.run(TestMethodWorker.java:109)
at org.testng.TestRunner.privateRun(TestRunner.java:648)
at org.testng.TestRunner.run(TestRunner.java:505)
at org.testng.SuiteRunner.runTest(SuiteRunner.java:455)
at org.testng.SuiteRunner.runSequentially(SuiteRunner.java:450)
at org.testng.SuiteRunner.privateRun(SuiteRunner.java:415)
at org.testng.SuiteRunner.run(SuiteRunner.java:364)
at org.testng.SuiteRunnerWorker.runSuite(SuiteRunnerWorker.java:52)
at org.testng.SuiteRunnerWorker.run(SuiteRunnerWorker.java:84)
at org.testng.TestNG.runSuitesSequentially(TestNG.java:1208)
at org.testng.TestNG.runSuitesLocally(TestNG.java:1137)
at org.testng.TestNG.runSuites(TestNG.java:1049)
at org.testng.TestNG.run(TestNG.java:1017)
at com.intellij.rt.testng.IDEARemoteTestNG.run(IDEARemoteTestNG.java:66)
at com.intellij.rt.testng.RemoteTestNGStarter.main(RemoteTestNGStarter.java:109)
]]>
            </full-stacktrace>
          </exception> <!-- org.openqa.selenium.NoSuchElementException -->
          <reporter-output>
          </reporter-output>
        </test-method> <!-- registerNewUser -->
        <test-method status="SKIP" signature="registerUserNoData()[pri:0, instance:tests.TestRegisterPage@3567135c]" name="registerUserNoData" duration-ms="0" started-at="2022-10-20T09:33:19Z" finished-at="2022-10-20T09:33:19Z">
          <exception class="org.openqa.selenium.NoSuchElementException">
            <message>
              <![CDATA[no such element: Unable to locate element: {"method":"css selector","selector":"#customerForm"}
  (Session info: chrome=106.0.5249.119)
For documentation on this error, please visit: http://seleniumhq.org/exceptions/no_such_element.html
Build info: version: '3.141.0', revision: '2ecb7d9a', time: '2018-10-31T20:09:30'
System info: host: 'Uciteljicas-MacBook-Pro.local', ip: 'fe80:0:0:0:1c74:2f82:eed8:ec9d%en0', os.name: 'Mac OS X', os.arch: 'x86_64', os.version: '12.6', java.version: '1.8.0_341'
Driver info: org.openqa.selenium.chrome.ChromeDriver
Capabilities {acceptInsecureCerts: false, browserName: chrome, browserVersion: 106.0.5249.119, chrome: {chromedriverVersion: 106.0.5249.61 (511755355844..., userDataDir: /var/folders/81/9gtq7cz93jl...}, goog:chromeOptions: {debuggerAddress: localhost:54900}, javascriptEnabled: true, networkConnectionEnabled: false, pageLoadStrategy: normal, platform: MAC, platformName: MAC, proxy: Proxy(), setWindowRect: true, strictFileInteractability: false, timeouts: {implicit: 0, pageLoad: 300000, script: 30000}, unhandledPromptBehavior: dismiss and notify, webauthn:extension:credBlob: true, webauthn:extension:largeBlob: true, webauthn:virtualAuthenticators: true}
Session ID: b63d4b11965c27259a7a3e63ea5ae4be
*** Element info: {Using=id, value=customerForm}]]>
            </message>
            <full-stacktrace>
              <![CDATA[org.openqa.selenium.NoSuchElementException: no such element: Unable to locate element: {"method":"css selector","selector":"#customerForm"}
  (Session info: chrome=106.0.5249.119)
For documentation on this error, please visit: http://seleniumhq.org/exceptions/no_such_element.html
Build info: version: '3.141.0', revision: '2ecb7d9a', time: '2018-10-31T20:09:30'
System info: host: 'Uciteljicas-MacBook-Pro.local', ip: 'fe80:0:0:0:1c74:2f82:eed8:ec9d%en0', os.name: 'Mac OS X', os.arch: 'x86_64', os.version: '12.6', java.version: '1.8.0_341'
Driver info: org.openqa.selenium.chrome.ChromeDriver
Capabilities {acceptInsecureCerts: false, browserName: chrome, browserVersion: 106.0.5249.119, chrome: {chromedriverVersion: 106.0.5249.61 (511755355844..., userDataDir: /var/folders/81/9gtq7cz93jl...}, goog:chromeOptions: {debuggerAddress: localhost:54900}, javascriptEnabled: true, networkConnectionEnabled: false, pageLoadStrategy: normal, platform: MAC, platformName: MAC, proxy: Proxy(), setWindowRect: true, strictFileInteractability: false, timeouts: {implicit: 0, pageLoad: 300000, script: 30000}, unhandledPromptBehavior: dismiss and notify, webauthn:extension:credBlob: true, webauthn:extension:largeBlob: true, webauthn:virtualAuthenticators: true}
Session ID: b63d4b11965c27259a7a3e63ea5ae4be
*** Element info: {Using=id, value=customerForm}
at sun.reflect.NativeConstructorAccessorImpl.newInstance0(Native Method)
at sun.reflect.NativeConstructorAccessorImpl.newInstance(NativeConstructorAccessorImpl.java:62)
at sun.reflect.DelegatingConstructorAccessorImpl.newInstance(DelegatingConstructorAccessorImpl.java:45)
at java.lang.reflect.Constructor.newInstance(Constructor.java:423)
at org.openqa.selenium.remote.http.W3CHttpResponseCodec.createException(W3CHttpResponseCodec.java:187)
at org.openqa.selenium.remote.http.W3CHttpResponseCodec.decode(W3CHttpResponseCodec.java:122)
at org.openqa.selenium.remote.http.W3CHttpResponseCodec.decode(W3CHttpResponseCodec.java:49)
at org.openqa.selenium.remote.HttpCommandExecutor.execute(HttpCommandExecutor.java:158)
at org.openqa.selenium.remote.service.DriverCommandExecutor.execute(DriverCommandExecutor.java:83)
at org.openqa.selenium.remote.RemoteWebDriver.execute(RemoteWebDriver.java:552)
at org.openqa.selenium.remote.RemoteWebDriver.findElement(RemoteWebDriver.java:323)
at org.openqa.selenium.remote.RemoteWebDriver.findElementById(RemoteWebDriver.java:372)
at org.openqa.selenium.By$ById.findElement(By.java:188)
at org.openqa.selenium.remote.RemoteWebDriver.findElement(RemoteWebDriver.java:315)
at objects.RegisterPage.getRegisterForm(RegisterPage.java:12)
at tests.TestRegisterPage.registerSetup(TestRegisterPage.java:18)
at sun.reflect.NativeMethodAccessorImpl.invoke0(Native Method)
at sun.reflect.NativeMethodAccessorImpl.invoke(NativeMethodAccessorImpl.java:62)
at sun.reflect.DelegatingMethodAccessorImpl.invoke(DelegatingMethodAccessorImpl.java:43)
at java.lang.reflect.Method.invoke(Method.java:498)
at org.testng.internal.MethodInvocationHelper.invokeMethod(MethodInvocationHelper.java:124)
at org.testng.internal.MethodInvocationHelper.invokeMethodConsideringTimeout(MethodInvocationHelper.java:59)
at org.testng.internal.Invoker.invokeConfigurationMethod(Invoker.java:458)
at org.testng.internal.Invoker.invokeConfigurations(Invoker.java:222)
at org.testng.internal.Invoker.invokeMethod(Invoker.java:523)
at org.testng.internal.Invoker.invokeTestMethod(Invoker.java:719)
at org.testng.internal.Invoker.invokeTestMethods(Invoker.java:989)
at org.testng.internal.TestMethodWorker.invokeTestMethods(TestMethodWorker.java:125)
at org.testng.internal.TestMethodWorker.run(TestMethodWorker.java:109)
at org.testng.TestRunner.privateRun(TestRunner.java:648)
at org.testng.TestRunner.run(TestRunner.java:505)
at org.testng.SuiteRunner.runTest(SuiteRunner.java:455)
at org.testng.SuiteRunner.runSequentially(SuiteRunner.java:450)
at org.testng.SuiteRunner.privateRun(SuiteRunner.java:415)
at org.testng.SuiteRunner.run(SuiteRunner.java:364)
at org.testng.SuiteRunnerWorker.runSuite(SuiteRunnerWorker.java:52)
at org.testng.SuiteRunnerWorker.run(SuiteRunnerWorker.java:84)
at org.testng.TestNG.runSuitesSequentially(TestNG.java:1208)
at org.testng.TestNG.runSuitesLocally(TestNG.java:1137)
at org.testng.TestNG.runSuites(TestNG.java:1049)
at org.testng.TestNG.run(TestNG.java:1017)
at com.intellij.rt.testng.IDEARemoteTestNG.run(IDEARemoteTestNG.java:66)
at com.intellij.rt.testng.RemoteTestNGStarter.main(RemoteTestNGStarter.java:109)
]]>
            </full-stacktrace>
          </exception> <!-- org.openqa.selenium.NoSuchElementException -->
          <reporter-output>
          </reporter-output>
        </test-method> <!-- registerUserNoData -->
        <test-method status="SKIP" signature="registerSetup()[pri:0, instance:tests.TestRegisterPage@3567135c]" name="registerSetup" is-config="true" duration-ms="0" started-at="2022-10-20T09:33:19Z" finished-at="2022-10-20T09:33:19Z">
          <reporter-output>
          </reporter-output>
        </test-method> <!-- registerSetup -->
        <test-method status="SKIP" signature="generateUserData()[pri:0, instance:tests.TestRegisterPage@3567135c]" name="generateUserData" is-config="true" duration-ms="0" started-at="2022-10-20T09:33:19Z" finished-at="2022-10-20T09:33:19Z">
          <reporter-output>
          </reporter-output>
        </test-method> <!-- generateUserData -->
        <test-method status="SKIP" signature="generateUserData()[pri:0, instance:tests.TestRegisterPage@3567135c]" name="generateUserData" is-config="true" duration-ms="0" started-at="2022-10-20T09:33:19Z" finished-at="2022-10-20T09:33:19Z">
          <reporter-output>
          </reporter-output>
        </test-method> <!-- generateUserData -->
        <test-method status="SKIP" signature="registerVerifyPhoneNotReqField()[pri:0, instance:tests.TestRegisterPage@3567135c]" name="registerVerifyPhoneNotReqField" duration-ms="0" started-at="2022-10-20T09:33:19Z" finished-at="2022-10-20T09:33:19Z">
          <exception class="org.openqa.selenium.NoSuchElementException">
            <message>
              <![CDATA[no such element: Unable to locate element: {"method":"css selector","selector":"#customerForm"}
  (Session info: chrome=106.0.5249.119)
For documentation on this error, please visit: http://seleniumhq.org/exceptions/no_such_element.html
Build info: version: '3.141.0', revision: '2ecb7d9a', time: '2018-10-31T20:09:30'
System info: host: 'Uciteljicas-MacBook-Pro.local', ip: 'fe80:0:0:0:1c74:2f82:eed8:ec9d%en0', os.name: 'Mac OS X', os.arch: 'x86_64', os.version: '12.6', java.version: '1.8.0_341'
Driver info: org.openqa.selenium.chrome.ChromeDriver
Capabilities {acceptInsecureCerts: false, browserName: chrome, browserVersion: 106.0.5249.119, chrome: {chromedriverVersion: 106.0.5249.61 (511755355844..., userDataDir: /var/folders/81/9gtq7cz93jl...}, goog:chromeOptions: {debuggerAddress: localhost:54900}, javascriptEnabled: true, networkConnectionEnabled: false, pageLoadStrategy: normal, platform: MAC, platformName: MAC, proxy: Proxy(), setWindowRect: true, strictFileInteractability: false, timeouts: {implicit: 0, pageLoad: 300000, script: 30000}, unhandledPromptBehavior: dismiss and notify, webauthn:extension:credBlob: true, webauthn:extension:largeBlob: true, webauthn:virtualAuthenticators: true}
Session ID: b63d4b11965c27259a7a3e63ea5ae4be
*** Element info: {Using=id, value=customerForm}]]>
            </message>
            <full-stacktrace>
              <![CDATA[org.openqa.selenium.NoSuchElementException: no such element: Unable to locate element: {"method":"css selector","selector":"#customerForm"}
  (Session info: chrome=106.0.5249.119)
For documentation on this error, please visit: http://seleniumhq.org/exceptions/no_such_element.html
Build info: version: '3.141.0', revision: '2ecb7d9a', time: '2018-10-31T20:09:30'
System info: host: 'Uciteljicas-MacBook-Pro.local', ip: 'fe80:0:0:0:1c74:2f82:eed8:ec9d%en0', os.name: 'Mac OS X', os.arch: 'x86_64', os.version: '12.6', java.version: '1.8.0_341'
Driver info: org.openqa.selenium.chrome.ChromeDriver
Capabilities {acceptInsecureCerts: false, browserName: chrome, browserVersion: 106.0.5249.119, chrome: {chromedriverVersion: 106.0.5249.61 (511755355844..., userDataDir: /var/folders/81/9gtq7cz93jl...}, goog:chromeOptions: {debuggerAddress: localhost:54900}, javascriptEnabled: true, networkConnectionEnabled: false, pageLoadStrategy: normal, platform: MAC, platformName: MAC, proxy: Proxy(), setWindowRect: true, strictFileInteractability: false, timeouts: {implicit: 0, pageLoad: 300000, script: 30000}, unhandledPromptBehavior: dismiss and notify, webauthn:extension:credBlob: true, webauthn:extension:largeBlob: true, webauthn:virtualAuthenticators: true}
Session ID: b63d4b11965c27259a7a3e63ea5ae4be
*** Element info: {Using=id, value=customerForm}
at sun.reflect.NativeConstructorAccessorImpl.newInstance0(Native Method)
at sun.reflect.NativeConstructorAccessorImpl.newInstance(NativeConstructorAccessorImpl.java:62)
at sun.reflect.DelegatingConstructorAccessorImpl.newInstance(DelegatingConstructorAccessorImpl.java:45)
at java.lang.reflect.Constructor.newInstance(Constructor.java:423)
at org.openqa.selenium.remote.http.W3CHttpResponseCodec.createException(W3CHttpResponseCodec.java:187)
at org.openqa.selenium.remote.http.W3CHttpResponseCodec.decode(W3CHttpResponseCodec.java:122)
at org.openqa.selenium.remote.http.W3CHttpResponseCodec.decode(W3CHttpResponseCodec.java:49)
at org.openqa.selenium.remote.HttpCommandExecutor.execute(HttpCommandExecutor.java:158)
at org.openqa.selenium.remote.service.DriverCommandExecutor.execute(DriverCommandExecutor.java:83)
at org.openqa.selenium.remote.RemoteWebDriver.execute(RemoteWebDriver.java:552)
at org.openqa.selenium.remote.RemoteWebDriver.findElement(RemoteWebDriver.java:323)
at org.openqa.selenium.remote.RemoteWebDriver.findElementById(RemoteWebDriver.java:372)
at org.openqa.selenium.By$ById.findElement(By.java:188)
at org.openqa.selenium.remote.RemoteWebDriver.findElement(RemoteWebDriver.java:315)
at objects.RegisterPage.getRegisterForm(RegisterPage.java:12)
at tests.TestRegisterPage.registerSetup(TestRegisterPage.java:18)
at sun.reflect.NativeMethodAccessorImpl.invoke0(Native Method)
at sun.reflect.NativeMethodAccessorImpl.invoke(NativeMethodAccessorImpl.java:62)
at sun.reflect.DelegatingMethodAccessorImpl.invoke(DelegatingMethodAccessorImpl.java:43)
at java.lang.reflect.Method.invoke(Method.java:498)
at org.testng.internal.MethodInvocationHelper.invokeMethod(MethodInvocationHelper.java:124)
at org.testng.internal.MethodInvocationHelper.invokeMethodConsideringTimeout(MethodInvocationHelper.java:59)
at org.testng.internal.Invoker.invokeConfigurationMethod(Invoker.java:458)
at org.testng.internal.Invoker.invokeConfigurations(Invoker.java:222)
at org.testng.internal.Invoker.invokeMethod(Invoker.java:523)
at org.testng.internal.Invoker.invokeTestMethod(Invoker.java:719)
at org.testng.internal.Invoker.invokeTestMethods(Invoker.java:989)
at org.testng.internal.TestMethodWorker.invokeTestMethods(TestMethodWorker.java:125)
at org.testng.internal.TestMethodWorker.run(TestMethodWorker.java:109)
at org.testng.TestRunner.privateRun(TestRunner.java:648)
at org.testng.TestRunner.run(TestRunner.java:505)
at org.testng.SuiteRunner.runTest(SuiteRunner.java:455)
at org.testng.SuiteRunner.runSequentially(SuiteRunner.java:450)
at org.testng.SuiteRunner.privateRun(SuiteRunner.java:415)
at org.testng.SuiteRunner.run(SuiteRunner.java:364)
at org.testng.SuiteRunnerWorker.runSuite(SuiteRunnerWorker.java:52)
at org.testng.SuiteRunnerWorker.run(SuiteRunnerWorker.java:84)
at org.testng.TestNG.runSuitesSequentially(TestNG.java:1208)
at org.testng.TestNG.runSuitesLocally(TestNG.java:1137)
at org.testng.TestNG.runSuites(TestNG.java:1049)
at org.testng.TestNG.run(TestNG.java:1017)
at com.intellij.rt.testng.IDEARemoteTestNG.run(IDEARemoteTestNG.java:66)
at com.intellij.rt.testng.RemoteTestNGStarter.main(RemoteTestNGStarter.java:109)
]]>
            </full-stacktrace>
          </exception> <!-- org.openqa.selenium.NoSuchElementException -->
          <reporter-output>
          </reporter-output>
        </test-method> <!-- registerVerifyPhoneNotReqField -->
        <test-method status="SKIP" signature="registerSetup()[pri:0, instance:tests.TestRegisterPage@3567135c]" name="registerSetup" is-config="true" duration-ms="0" started-at="2022-10-20T09:33:19Z" finished-at="2022-10-20T09:33:19Z">
          <reporter-output>
          </reporter-output>
        </test-method> <!-- registerSetup -->
        <test-method status="SKIP" signature="registerExistingUser()[pri:0, instance:tests.TestRegisterPage@3567135c]" name="registerExistingUser" duration-ms="0" started-at="2022-10-20T09:33:19Z" depends-on-methods="tests.TestRegisterPage.registerNewUser" finished-at="2022-10-20T09:33:19Z">
          <exception class="java.lang.Throwable">
            <message>
              <![CDATA[Method TestRegisterPage.registerExistingUser()[pri:0, instance:tests.TestRegisterPage@3567135c] depends on not successfully finished methods]]>
            </message>
            <full-stacktrace>
              <![CDATA[java.lang.Throwable: Method TestRegisterPage.registerExistingUser()[pri:0, instance:tests.TestRegisterPage@3567135c] depends on not successfully finished methods
at org.testng.internal.Invoker.invokeTestMethods(Invoker.java:888)
at org.testng.internal.TestMethodWorker.invokeTestMethods(TestMethodWorker.java:125)
at org.testng.internal.TestMethodWorker.run(TestMethodWorker.java:109)
at org.testng.TestRunner.privateRun(TestRunner.java:648)
at org.testng.TestRunner.run(TestRunner.java:505)
at org.testng.SuiteRunner.runTest(SuiteRunner.java:455)
at org.testng.SuiteRunner.runSequentially(SuiteRunner.java:450)
at org.testng.SuiteRunner.privateRun(SuiteRunner.java:415)
at org.testng.SuiteRunner.run(SuiteRunner.java:364)
at org.testng.SuiteRunnerWorker.runSuite(SuiteRunnerWorker.java:52)
at org.testng.SuiteRunnerWorker.run(SuiteRunnerWorker.java:84)
at org.testng.TestNG.runSuitesSequentially(TestNG.java:1208)
at org.testng.TestNG.runSuitesLocally(TestNG.java:1137)
at org.testng.TestNG.runSuites(TestNG.java:1049)
at org.testng.TestNG.run(TestNG.java:1017)
at com.intellij.rt.testng.IDEARemoteTestNG.run(IDEARemoteTestNG.java:66)
at com.intellij.rt.testng.RemoteTestNGStarter.main(RemoteTestNGStarter.java:109)
]]>
            </full-stacktrace>
          </exception> <!-- java.lang.Throwable -->
          <reporter-output>
          </reporter-output>
        </test-method> <!-- registerExistingUser -->
      </class> <!-- tests.TestRegisterPage -->
      <class name="tests.TestAccountOptions">
        <test-method status="PASS" signature="startTest()[pri:0, instance:tests.TestAccountOptions@2d554825]" name="startTest" is-config="true" duration-ms="4998" started-at="2022-10-20T09:32:56Z" finished-at="2022-10-20T09:33:01Z">
          <reporter-output>
          </reporter-output>
        </test-method> <!-- startTest -->
        <test-method status="PASS" signature="generateUserData()[pri:0, instance:tests.TestAccountOptions@2d554825]" name="generateUserData" is-config="true" duration-ms="160" started-at="2022-10-20T09:33:01Z" finished-at="2022-10-20T09:33:01Z">
          <reporter-output>
          </reporter-output>
        </test-method> <!-- generateUserData -->
        <test-method status="PASS" signature="accountSetup()[pri:0, instance:tests.TestAccountOptions@2d554825]" name="accountSetup" is-config="true" duration-ms="444" started-at="2022-10-20T09:33:01Z" finished-at="2022-10-20T09:33:01Z">
          <reporter-output>
          </reporter-output>
        </test-method> <!-- accountSetup -->
        <test-method status="FAIL" signature="verifySiteMapLinks()[pri:0, instance:tests.TestAccountOptions@2d554825]" name="verifySiteMapLinks" duration-ms="5207" started-at="2022-10-20T09:33:01Z" finished-at="2022-10-20T09:33:07Z">
          <exception class="java.lang.AssertionError">
            <message>
              <![CDATA[The following asserts failed:
Found: 
{Error!
An internal error has occurred and has been logged.}
 instead of: 
{Open New Account}
 expected [true] but found [false],
Found: 
{Error!
An internal error has occurred and has been logged.}
 instead of: 
{Accounts Overview}
 expected [true] but found [false],
Found: 
{Error!
An internal error has occurred and has been logged.}
 instead of: 
{Transfer Funds}
 expected [true] but found [false],
Found: 
{Error!
An internal error has occurred and has been logged.}
 instead of: 
{Bill Pay}
 expected [true] but found [false],
Found: 
{Error!
An internal error has occurred and has been logged.}
 instead of: 
{Find Transactions}
 expected [true] but found [false],
Found: 
{Error!
An internal error has occurred and has been logged.}
 instead of: 
{Update Contact Info}
 expected [true] but found [false],
Found: 
{Error!
An internal error has occurred and has been logged.}
 instead of: 
{Request Loan}
 expected [true] but found [false]]]>
            </message>
            <full-stacktrace>
              <![CDATA[java.lang.AssertionError: The following asserts failed:
Found: 
{Error!
An internal error has occurred and has been logged.}
 instead of: 
{Open New Account}
 expected [true] but found [false],
Found: 
{Error!
An internal error has occurred and has been logged.}
 instead of: 
{Accounts Overview}
 expected [true] but found [false],
Found: 
{Error!
An internal error has occurred and has been logged.}
 instead of: 
{Transfer Funds}
 expected [true] but found [false],
Found: 
{Error!
An internal error has occurred and has been logged.}
 instead of: 
{Bill Pay}
 expected [true] but found [false],
Found: 
{Error!
An internal error has occurred and has been logged.}
 instead of: 
{Find Transactions}
 expected [true] but found [false],
Found: 
{Error!
An internal error has occurred and has been logged.}
 instead of: 
{Update Contact Info}
 expected [true] but found [false],
Found: 
{Error!
An internal error has occurred and has been logged.}
 instead of: 
{Request Loan}
 expected [true] but found [false]
at org.testng.asserts.SoftAssert.assertAll(SoftAssert.java:43)
at tests.TestAccountOptions.verifySiteMapLinks(TestAccountOptions.java:53)
at sun.reflect.NativeMethodAccessorImpl.invoke0(Native Method)
at sun.reflect.NativeMethodAccessorImpl.invoke(NativeMethodAccessorImpl.java:62)
at sun.reflect.DelegatingMethodAccessorImpl.invoke(DelegatingMethodAccessorImpl.java:43)
at java.lang.reflect.Method.invoke(Method.java:498)
at org.testng.internal.MethodInvocationHelper.invokeMethod(MethodInvocationHelper.java:124)
at org.testng.internal.Invoker.invokeMethod(Invoker.java:583)
at org.testng.internal.Invoker.invokeTestMethod(Invoker.java:719)
at org.testng.internal.Invoker.invokeTestMethods(Invoker.java:989)
at org.testng.internal.TestMethodWorker.invokeTestMethods(TestMethodWorker.java:125)
at org.testng.internal.TestMethodWorker.run(TestMethodWorker.java:109)
at org.testng.TestRunner.privateRun(TestRunner.java:648)
at org.testng.TestRunner.run(TestRunner.java:505)
at org.testng.SuiteRunner.runTest(SuiteRunner.java:455)
at org.testng.SuiteRunner.runSequentially(SuiteRunner.java:450)
at org.testng.SuiteRunner.privateRun(SuiteRunner.java:415)
at org.testng.SuiteRunner.run(SuiteRunner.java:364)
at org.testng.SuiteRunnerWorker.runSuite(SuiteRunnerWorker.java:52)
at org.testng.SuiteRunnerWorker.run(SuiteRunnerWorker.java:84)
at org.testng.TestNG.runSuitesSequentially(TestNG.java:1208)
at org.testng.TestNG.runSuitesLocally(TestNG.java:1137)
at org.testng.TestNG.runSuites(TestNG.java:1049)
at org.testng.TestNG.run(TestNG.java:1017)
at com.intellij.rt.testng.IDEARemoteTestNG.run(IDEARemoteTestNG.java:66)
at com.intellij.rt.testng.RemoteTestNGStarter.main(RemoteTestNGStarter.java:109)
]]>
            </full-stacktrace>
          </exception> <!-- java.lang.AssertionError -->
          <reporter-output>
          </reporter-output>
        </test-method> <!-- verifySiteMapLinks -->
        <test-method status="PASS" signature="stopTest()[pri:0, instance:tests.TestAccountOptions@2d554825]" name="stopTest" is-config="true" duration-ms="122" started-at="2022-10-20T09:33:20Z" finished-at="2022-10-20T09:33:20Z">
          <reporter-output>
          </reporter-output>
        </test-method> <!-- stopTest -->
      </class> <!-- tests.TestAccountOptions -->
      <class name="tests.TestLoginPage">
        <test-method status="PASS" signature="generateUserData()[pri:0, instance:tests.TestLoginPage@68837a77]" name="generateUserData" is-config="true" duration-ms="38" started-at="2022-10-20T09:33:07Z" finished-at="2022-10-20T09:33:07Z">
          <reporter-output>
          </reporter-output>
        </test-method> <!-- generateUserData -->
        <test-method status="PASS" signature="loginVerifyForm()[pri:0, instance:tests.TestLoginPage@68837a77]" name="loginVerifyForm" duration-ms="96" started-at="2022-10-20T09:33:07Z" finished-at="2022-10-20T09:33:07Z">
          <reporter-output>
          </reporter-output>
        </test-method> <!-- loginVerifyForm -->
        <test-method status="PASS" signature="generateUserData()[pri:0, instance:tests.TestLoginPage@68837a77]" name="generateUserData" is-config="true" duration-ms="30" started-at="2022-10-20T09:33:07Z" finished-at="2022-10-20T09:33:07Z">
          <reporter-output>
          </reporter-output>
        </test-method> <!-- generateUserData -->
        <test-method status="PASS" signature="verifyPageElements()[pri:0, instance:tests.TestLoginPage@68837a77]" name="verifyPageElements" duration-ms="123" started-at="2022-10-20T09:33:07Z" finished-at="2022-10-20T09:33:08Z">
          <reporter-output>
          </reporter-output>
        </test-method> <!-- verifyPageElements -->
        <test-method status="PASS" signature="generateUserData()[pri:0, instance:tests.TestLoginPage@68837a77]" name="generateUserData" is-config="true" duration-ms="20" started-at="2022-10-20T09:33:08Z" finished-at="2022-10-20T09:33:08Z">
          <reporter-output>
          </reporter-output>
        </test-method> <!-- generateUserData -->
        <test-method status="PASS" signature="loginMissingPass()[pri:0, instance:tests.TestLoginPage@68837a77]" name="loginMissingPass" duration-ms="522" started-at="2022-10-20T09:33:08Z" depends-on-methods="tests.TestLoginPage.loginVerifyForm" finished-at="2022-10-20T09:33:08Z">
          <reporter-output>
          </reporter-output>
        </test-method> <!-- loginMissingPass -->
        <test-method status="PASS" signature="generateUserData()[pri:0, instance:tests.TestLoginPage@68837a77]" name="generateUserData" is-config="true" duration-ms="19" started-at="2022-10-20T09:33:08Z" finished-at="2022-10-20T09:33:08Z">
          <reporter-output>
          </reporter-output>
        </test-method> <!-- generateUserData -->
        <test-method status="PASS" signature="loginMissingUsername()[pri:0, instance:tests.TestLoginPage@68837a77]" name="loginMissingUsername" duration-ms="471" started-at="2022-10-20T09:33:08Z" depends-on-methods="tests.TestLoginPage.loginVerifyForm" finished-at="2022-10-20T09:33:09Z">
          <reporter-output>
          </reporter-output>
        </test-method> <!-- loginMissingUsername -->
        <test-method status="PASS" signature="generateUserData()[pri:0, instance:tests.TestLoginPage@68837a77]" name="generateUserData" is-config="true" duration-ms="23" started-at="2022-10-20T09:33:09Z" finished-at="2022-10-20T09:33:09Z">
          <reporter-output>
          </reporter-output>
        </test-method> <!-- generateUserData -->
        <test-method status="FAIL" signature="loginValidUser()[pri:0, instance:tests.TestLoginPage@68837a77]" name="loginValidUser" duration-ms="753" started-at="2022-10-20T09:33:09Z" depends-on-methods="tests.TestLoginPage.loginVerifyForm" finished-at="2022-10-20T09:33:09Z">
          <exception class="java.lang.AssertionError">
            <message>
              <![CDATA[Unexpected url found: https://parabank.parasoft.com/parabank/login.htm expected [true] but found [false]]]>
            </message>
            <full-stacktrace>
              <![CDATA[java.lang.AssertionError: Unexpected url found: https://parabank.parasoft.com/parabank/login.htm expected [true] but found [false]
at org.testng.Assert.fail(Assert.java:96)
at org.testng.Assert.failNotEquals(Assert.java:776)
at org.testng.Assert.assertTrue(Assert.java:44)
at tests.TestLoginPage.loginValidUser(TestLoginPage.java:32)
at sun.reflect.NativeMethodAccessorImpl.invoke0(Native Method)
at sun.reflect.NativeMethodAccessorImpl.invoke(NativeMethodAccessorImpl.java:62)
at sun.reflect.DelegatingMethodAccessorImpl.invoke(DelegatingMethodAccessorImpl.java:43)
at java.lang.reflect.Method.invoke(Method.java:498)
at org.testng.internal.MethodInvocationHelper.invokeMethod(MethodInvocationHelper.java:124)
at org.testng.internal.Invoker.invokeMethod(Invoker.java:583)
at org.testng.internal.Invoker.invokeTestMethod(Invoker.java:719)
at org.testng.internal.Invoker.invokeTestMethods(Invoker.java:989)
at org.testng.internal.TestMethodWorker.invokeTestMethods(TestMethodWorker.java:125)
at org.testng.internal.TestMethodWorker.run(TestMethodWorker.java:109)
at org.testng.TestRunner.privateRun(TestRunner.java:648)
at org.testng.TestRunner.run(TestRunner.java:505)
at org.testng.SuiteRunner.runTest(SuiteRunner.java:455)
at org.testng.SuiteRunner.runSequentially(SuiteRunner.java:450)
at org.testng.SuiteRunner.privateRun(SuiteRunner.java:415)
at org.testng.SuiteRunner.run(SuiteRunner.java:364)
at org.testng.SuiteRunnerWorker.runSuite(SuiteRunnerWorker.java:52)
at org.testng.SuiteRunnerWorker.run(SuiteRunnerWorker.java:84)
at org.testng.TestNG.runSuitesSequentially(TestNG.java:1208)
at org.testng.TestNG.runSuitesLocally(TestNG.java:1137)
at org.testng.TestNG.runSuites(TestNG.java:1049)
at org.testng.TestNG.run(TestNG.java:1017)
at com.intellij.rt.testng.IDEARemoteTestNG.run(IDEARemoteTestNG.java:66)
at com.intellij.rt.testng.RemoteTestNGStarter.main(RemoteTestNGStarter.java:109)
]]>
            </full-stacktrace>
          </exception> <!-- java.lang.AssertionError -->
          <reporter-output>
          </reporter-output>
        </test-method> <!-- loginValidUser -->
        <test-method status="SKIP" signature="logOutUser()[pri:0, instance:tests.TestLoginPage@68837a77]" name="logOutUser" duration-ms="0" started-at="2022-10-20T09:33:10Z" depends-on-methods="tests.TestLoginPage.loginValidUser, tests.TestLoginPage.loginVerifyForm" finished-at="2022-10-20T09:33:10Z">
          <exception class="java.lang.Throwable">
            <message>
              <![CDATA[Method TestLoginPage.logOutUser()[pri:0, instance:tests.TestLoginPage@68837a77] depends on not successfully finished methods]]>
            </message>
            <full-stacktrace>
              <![CDATA[java.lang.Throwable: Method TestLoginPage.logOutUser()[pri:0, instance:tests.TestLoginPage@68837a77] depends on not successfully finished methods
at org.testng.internal.Invoker.invokeTestMethods(Invoker.java:888)
at org.testng.internal.TestMethodWorker.invokeTestMethods(TestMethodWorker.java:125)
at org.testng.internal.TestMethodWorker.run(TestMethodWorker.java:109)
at org.testng.TestRunner.privateRun(TestRunner.java:648)
at org.testng.TestRunner.run(TestRunner.java:505)
at org.testng.SuiteRunner.runTest(SuiteRunner.java:455)
at org.testng.SuiteRunner.runSequentially(SuiteRunner.java:450)
at org.testng.SuiteRunner.privateRun(SuiteRunner.java:415)
at org.testng.SuiteRunner.run(SuiteRunner.java:364)
at org.testng.SuiteRunnerWorker.runSuite(SuiteRunnerWorker.java:52)
at org.testng.SuiteRunnerWorker.run(SuiteRunnerWorker.java:84)
at org.testng.TestNG.runSuitesSequentially(TestNG.java:1208)
at org.testng.TestNG.runSuitesLocally(TestNG.java:1137)
at org.testng.TestNG.runSuites(TestNG.java:1049)
at org.testng.TestNG.run(TestNG.java:1017)
at com.intellij.rt.testng.IDEARemoteTestNG.run(IDEARemoteTestNG.java:66)
at com.intellij.rt.testng.RemoteTestNGStarter.main(RemoteTestNGStarter.java:109)
]]>
            </full-stacktrace>
          </exception> <!-- java.lang.Throwable -->
          <reporter-output>
          </reporter-output>
        </test-method> <!-- logOutUser -->
        <test-method status="PASS" signature="generateUserData()[pri:0, instance:tests.TestLoginPage@68837a77]" name="generateUserData" is-config="true" duration-ms="26" started-at="2022-10-20T09:33:19Z" finished-at="2022-10-20T09:33:19Z">
          <reporter-output>
          </reporter-output>
        </test-method> <!-- generateUserData -->
        <test-method status="FAIL" signature="loginWithoutCredentials()[pri:1, instance:tests.TestLoginPage@68837a77]" name="loginWithoutCredentials" duration-ms="8" started-at="2022-10-20T09:33:19Z" depends-on-methods="tests.TestLoginPage.loginVerifyForm" finished-at="2022-10-20T09:33:19Z">
          <exception class="org.openqa.selenium.NoSuchElementException">
            <message>
              <![CDATA[no such element: Unable to locate element: {"method":"css selector","selector":"*[name='username']"}
  (Session info: chrome=106.0.5249.119)
For documentation on this error, please visit: http://seleniumhq.org/exceptions/no_such_element.html
Build info: version: '3.141.0', revision: '2ecb7d9a', time: '2018-10-31T20:09:30'
System info: host: 'Uciteljicas-MacBook-Pro.local', ip: 'fe80:0:0:0:1c74:2f82:eed8:ec9d%en0', os.name: 'Mac OS X', os.arch: 'x86_64', os.version: '12.6', java.version: '1.8.0_341'
Driver info: org.openqa.selenium.chrome.ChromeDriver
Capabilities {acceptInsecureCerts: false, browserName: chrome, browserVersion: 106.0.5249.119, chrome: {chromedriverVersion: 106.0.5249.61 (511755355844..., userDataDir: /var/folders/81/9gtq7cz93jl...}, goog:chromeOptions: {debuggerAddress: localhost:54900}, javascriptEnabled: true, networkConnectionEnabled: false, pageLoadStrategy: normal, platform: MAC, platformName: MAC, proxy: Proxy(), setWindowRect: true, strictFileInteractability: false, timeouts: {implicit: 0, pageLoad: 300000, script: 30000}, unhandledPromptBehavior: dismiss and notify, webauthn:extension:credBlob: true, webauthn:extension:largeBlob: true, webauthn:virtualAuthenticators: true}
Session ID: b63d4b11965c27259a7a3e63ea5ae4be
*** Element info: {Using=name, value=username}]]>
            </message>
            <full-stacktrace>
              <![CDATA[org.openqa.selenium.NoSuchElementException: no such element: Unable to locate element: {"method":"css selector","selector":"*[name='username']"}
  (Session info: chrome=106.0.5249.119)
For documentation on this error, please visit: http://seleniumhq.org/exceptions/no_such_element.html
Build info: version: '3.141.0', revision: '2ecb7d9a', time: '2018-10-31T20:09:30'
System info: host: 'Uciteljicas-MacBook-Pro.local', ip: 'fe80:0:0:0:1c74:2f82:eed8:ec9d%en0', os.name: 'Mac OS X', os.arch: 'x86_64', os.version: '12.6', java.version: '1.8.0_341'
Driver info: org.openqa.selenium.chrome.ChromeDriver
Capabilities {acceptInsecureCerts: false, browserName: chrome, browserVersion: 106.0.5249.119, chrome: {chromedriverVersion: 106.0.5249.61 (511755355844..., userDataDir: /var/folders/81/9gtq7cz93jl...}, goog:chromeOptions: {debuggerAddress: localhost:54900}, javascriptEnabled: true, networkConnectionEnabled: false, pageLoadStrategy: normal, platform: MAC, platformName: MAC, proxy: Proxy(), setWindowRect: true, strictFileInteractability: false, timeouts: {implicit: 0, pageLoad: 300000, script: 30000}, unhandledPromptBehavior: dismiss and notify, webauthn:extension:credBlob: true, webauthn:extension:largeBlob: true, webauthn:virtualAuthenticators: true}
Session ID: b63d4b11965c27259a7a3e63ea5ae4be
*** Element info: {Using=name, value=username}
at sun.reflect.NativeConstructorAccessorImpl.newInstance0(Native Method)
at sun.reflect.NativeConstructorAccessorImpl.newInstance(NativeConstructorAccessorImpl.java:62)
at sun.reflect.DelegatingConstructorAccessorImpl.newInstance(DelegatingConstructorAccessorImpl.java:45)
at java.lang.reflect.Constructor.newInstance(Constructor.java:423)
at org.openqa.selenium.remote.http.W3CHttpResponseCodec.createException(W3CHttpResponseCodec.java:187)
at org.openqa.selenium.remote.http.W3CHttpResponseCodec.decode(W3CHttpResponseCodec.java:122)
at org.openqa.selenium.remote.http.W3CHttpResponseCodec.decode(W3CHttpResponseCodec.java:49)
at org.openqa.selenium.remote.HttpCommandExecutor.execute(HttpCommandExecutor.java:158)
at org.openqa.selenium.remote.service.DriverCommandExecutor.execute(DriverCommandExecutor.java:83)
at org.openqa.selenium.remote.RemoteWebDriver.execute(RemoteWebDriver.java:552)
at org.openqa.selenium.remote.RemoteWebDriver.findElement(RemoteWebDriver.java:323)
at org.openqa.selenium.remote.RemoteWebDriver.findElementByName(RemoteWebDriver.java:404)
at org.openqa.selenium.By$ByName.findElement(By.java:284)
at org.openqa.selenium.remote.RemoteWebDriver.findElement(RemoteWebDriver.java:315)
at objects.LoginPage.getUserNameField(LoginPage.java:12)
at objects.LoginPage.logIn(LoginPage.java:73)
at tests.TestLoginPage.loginWithoutCredentials(TestLoginPage.java:40)
at sun.reflect.NativeMethodAccessorImpl.invoke0(Native Method)
at sun.reflect.NativeMethodAccessorImpl.invoke(NativeMethodAccessorImpl.java:62)
at sun.reflect.DelegatingMethodAccessorImpl.invoke(DelegatingMethodAccessorImpl.java:43)
at java.lang.reflect.Method.invoke(Method.java:498)
at org.testng.internal.MethodInvocationHelper.invokeMethod(MethodInvocationHelper.java:124)
at org.testng.internal.Invoker.invokeMethod(Invoker.java:583)
at org.testng.internal.Invoker.invokeTestMethod(Invoker.java:719)
at org.testng.internal.Invoker.invokeTestMethods(Invoker.java:989)
at org.testng.internal.TestMethodWorker.invokeTestMethods(TestMethodWorker.java:125)
at org.testng.internal.TestMethodWorker.run(TestMethodWorker.java:109)
at org.testng.TestRunner.privateRun(TestRunner.java:648)
at org.testng.TestRunner.run(TestRunner.java:505)
at org.testng.SuiteRunner.runTest(SuiteRunner.java:455)
at org.testng.SuiteRunner.runSequentially(SuiteRunner.java:450)
at org.testng.SuiteRunner.privateRun(SuiteRunner.java:415)
at org.testng.SuiteRunner.run(SuiteRunner.java:364)
at org.testng.SuiteRunnerWorker.runSuite(SuiteRunnerWorker.java:52)
at org.testng.SuiteRunnerWorker.run(SuiteRunnerWorker.java:84)
at org.testng.TestNG.runSuitesSequentially(TestNG.java:1208)
at org.testng.TestNG.runSuitesLocally(TestNG.java:1137)
at org.testng.TestNG.runSuites(TestNG.java:1049)
at org.testng.TestNG.run(TestNG.java:1017)
at com.intellij.rt.testng.IDEARemoteTestNG.run(IDEARemoteTestNG.java:66)
at com.intellij.rt.testng.RemoteTestNGStarter.main(RemoteTestNGStarter.java:109)
]]>
            </full-stacktrace>
          </exception> <!-- org.openqa.selenium.NoSuchElementException -->
          <reporter-output>
          </reporter-output>
        </test-method> <!-- loginWithoutCredentials -->
      </class> <!-- tests.TestLoginPage -->
    </test> <!-- tests -->
  </suite> <!-- Regression Suite -->
</testng-results>
